------------------------------------------------------------
Client connecting to 10.0.0.3, TCP port 5000 with pid 36631
Write buffer size:  128 KByte
TCP window size:  128 KByte (default)
------------------------------------------------------------
[  3] local 10.0.0.1 port 57128 connected with 10.0.0.3 port 5000
[ ID] Interval        Transfer    Bandwidth       Write/Err  Rtry    Cwnd/RTT
[  3] 0.00-1.00 sec  8.05 MBytes  67.6 Mbits/sec  65/0        167      199K/67009 us
[ ID] Interval        Transfer    Bandwidth       Write/Err  Rtry    Cwnd/RTT
[  3] 1.00-2.00 sec  3.79 MBytes  31.8 Mbits/sec  31/0          0      199K/71414 us
[ ID] Interval        Transfer    Bandwidth       Write/Err  Rtry    Cwnd/RTT
[  3] 2.00-3.00 sec  2.80 MBytes  23.5 Mbits/sec  23/0          0      202K/72979 us
[ ID] Interval        Transfer    Bandwidth       Write/Err  Rtry    Cwnd/RTT
[  3] 3.00-4.00 sec  2.86 MBytes  24.0 Mbits/sec  23/0          0      279K/87555 us
[ ID] Interval        Transfer    Bandwidth       Write/Err  Rtry    Cwnd/RTT
[  3] 4.00-5.00 sec  3.11 MBytes  26.1 Mbits/sec  26/0          0      103K/76228 us
[ ID] Interval        Transfer    Bandwidth       Write/Err  Rtry    Cwnd/RTT
[  3] 5.00-6.00 sec  2.80 MBytes  23.5 Mbits/sec  23/0          0      279K/89057 us
[ ID] Interval        Transfer    Bandwidth       Write/Err  Rtry    Cwnd/RTT
[  3] 6.00-7.00 sec  3.11 MBytes  26.1 Mbits/sec  26/0          0      279K/90501 us
[ ID] Interval        Transfer    Bandwidth       Write/Err  Rtry    Cwnd/RTT
[  3] 7.00-8.00 sec  3.11 MBytes  26.1 Mbits/sec  26/0          0      328K/95959 us
[ ID] Interval        Transfer    Bandwidth       Write/Err  Rtry    Cwnd/RTT
[  3] 8.00-9.00 sec  3.11 MBytes  26.1 Mbits/sec  25/0          8      270K/79703 us
[ ID] Interval        Transfer    Bandwidth       Write/Err  Rtry    Cwnd/RTT
[  3] 9.00-10.00 sec  1.62 MBytes  13.6 Mbits/sec  13/0          0      270K/84893 us
[ ID] Interval        Transfer    Bandwidth       Write/Err  Rtry    Cwnd/RTT
[  3] 10.00-11.00 sec  3.11 MBytes  26.1 Mbits/sec  26/0          0      270K/87871 us
[ ID] Interval        Transfer    Bandwidth       Write/Err  Rtry    Cwnd/RTT
[  3] 11.00-12.00 sec  2.73 MBytes  22.9 Mbits/sec  23/0          0      270K/90192 us
[ ID] Interval        Transfer    Bandwidth       Write/Err  Rtry    Cwnd/RTT
[  3] 12.00-13.00 sec  2.98 MBytes  25.0 Mbits/sec  24/0          0      270K/90643 us
[ ID] Interval        Transfer    Bandwidth       Write/Err  Rtry    Cwnd/RTT
[  3] 13.00-14.00 sec  2.92 MBytes  24.5 Mbits/sec  24/0          0      270K/70034 us
[ ID] Interval        Transfer    Bandwidth       Write/Err  Rtry    Cwnd/RTT
[  3] 14.00-15.00 sec  3.29 MBytes  27.6 Mbits/sec  27/0          0      270K/84226 us
[ ID] Interval        Transfer    Bandwidth       Write/Err  Rtry    Cwnd/RTT
[  3] 15.00-16.00 sec  3.17 MBytes  26.6 Mbits/sec  26/0          0      270K/64343 us
[ ID] Interval        Transfer    Bandwidth       Write/Err  Rtry    Cwnd/RTT
[  3] 16.00-17.00 sec  2.73 MBytes  22.9 Mbits/sec  23/0          0      270K/89805 us
[ ID] Interval        Transfer    Bandwidth       Write/Err  Rtry    Cwnd/RTT
[  3] 17.00-18.00 sec  3.04 MBytes  25.5 Mbits/sec  25/0          0      270K/90551 us
[ ID] Interval        Transfer    Bandwidth       Write/Err  Rtry    Cwnd/RTT
[  3] 18.00-19.00 sec  3.04 MBytes  25.5 Mbits/sec  25/0          4      270K/74734 us
[ ID] Interval        Transfer    Bandwidth       Write/Err  Rtry    Cwnd/RTT
[  3] 19.00-20.00 sec  3.11 MBytes  26.1 Mbits/sec  26/0          0      270K/85788 us
[ ID] Interval        Transfer    Bandwidth       Write/Err  Rtry    Cwnd/RTT
[  3] 20.00-21.00 sec  3.11 MBytes  26.1 Mbits/sec  26/0          0      108K/61381 us
[ ID] Interval        Transfer    Bandwidth       Write/Err  Rtry    Cwnd/RTT
[  3] 21.00-22.00 sec  2.73 MBytes  22.9 Mbits/sec  22/0          0      270K/90024 us
[ ID] Interval        Transfer    Bandwidth       Write/Err  Rtry    Cwnd/RTT
[  3] 22.00-23.00 sec  2.98 MBytes  25.0 Mbits/sec  24/0          0      270K/90501 us
[ ID] Interval        Transfer    Bandwidth       Write/Err  Rtry    Cwnd/RTT
[  3] 23.00-24.00 sec  2.98 MBytes  25.0 Mbits/sec  24/0          0      316K/91706 us
[ ID] Interval        Transfer    Bandwidth       Write/Err  Rtry    Cwnd/RTT
[  3] 24.00-25.00 sec  3.04 MBytes  25.5 Mbits/sec  25/0          2      270K/78896 us
[ ID] Interval        Transfer    Bandwidth       Write/Err  Rtry    Cwnd/RTT
[  3] 25.00-26.00 sec  3.17 MBytes  26.6 Mbits/sec  26/0          0       98K/86564 us
[ ID] Interval        Transfer    Bandwidth       Write/Err  Rtry    Cwnd/RTT
[  3] 26.00-27.00 sec  2.67 MBytes  22.4 Mbits/sec  22/0          0      270K/89210 us
[ ID] Interval        Transfer    Bandwidth       Write/Err  Rtry    Cwnd/RTT
[  3] 27.00-28.00 sec  3.04 MBytes  25.5 Mbits/sec  25/0          0      270K/90524 us
[ ID] Interval        Transfer    Bandwidth       Write/Err  Rtry    Cwnd/RTT
[  3] 28.00-29.00 sec  2.98 MBytes  25.0 Mbits/sec  24/0          0      316K/91744 us
[ ID] Interval        Transfer    Bandwidth       Write/Err  Rtry    Cwnd/RTT
[  3] 29.00-30.00 sec  3.04 MBytes  25.5 Mbits/sec  25/0          4      270K/77862 us
[ ID] Interval        Transfer    Bandwidth       Write/Err  Rtry    Cwnd/RTT
[  3] 0.00-30.50 sec  94.2 MBytes  25.9 Mbits/sec  773/0        185      270K/77862 us
