------------------------------------------------------------
Client connecting to 10.0.0.4, TCP port 5001 with pid 35314
Write buffer size:  128 KByte
TCP window size:  128 KByte (default)
------------------------------------------------------------
[  3] local 10.0.0.2 port 57112 connected with 10.0.0.4 port 5001
[ ID] Interval        Transfer    Bandwidth       Write/Err  Rtry    Cwnd/RTT
[  3] 0.00-1.00 sec  5.26 MBytes  44.1 Mbits/sec  43/0        123      152K/94277 us
[ ID] Interval        Transfer    Bandwidth       Write/Err  Rtry    Cwnd/RTT
[  3] 1.00-2.00 sec  2.55 MBytes  21.4 Mbits/sec  21/0          0      152K/60284 us
[ ID] Interval        Transfer    Bandwidth       Write/Err  Rtry    Cwnd/RTT
[  3] 2.00-3.00 sec  2.30 MBytes  19.3 Mbits/sec  19/0          0      161K/60230 us
[ ID] Interval        Transfer    Bandwidth       Write/Err  Rtry    Cwnd/RTT
[  3] 3.00-4.00 sec  2.42 MBytes  20.3 Mbits/sec  20/0          0      190K/79399 us
[ ID] Interval        Transfer    Bandwidth       Write/Err  Rtry    Cwnd/RTT
[  3] 4.00-5.00 sec  2.42 MBytes  20.3 Mbits/sec  20/0          0      190K/83524 us
[ ID] Interval        Transfer    Bandwidth       Write/Err  Rtry    Cwnd/RTT
[  3] 5.00-6.00 sec  2.30 MBytes  19.3 Mbits/sec  19/0          0      190K/83519 us
[ ID] Interval        Transfer    Bandwidth       Write/Err  Rtry    Cwnd/RTT
[  3] 6.00-7.00 sec  2.17 MBytes  18.2 Mbits/sec  18/0          0      190K/82573 us
[ ID] Interval        Transfer    Bandwidth       Write/Err  Rtry    Cwnd/RTT
[  3] 7.00-8.00 sec  2.36 MBytes  19.8 Mbits/sec  19/0          0      190K/83404 us
[ ID] Interval        Transfer    Bandwidth       Write/Err  Rtry    Cwnd/RTT
[  3] 8.00-9.00 sec  2.30 MBytes  19.3 Mbits/sec  19/0          0      190K/75509 us
[ ID] Interval        Transfer    Bandwidth       Write/Err  Rtry    Cwnd/RTT
[  3] 9.00-10.00 sec  2.11 MBytes  17.7 Mbits/sec  17/0          6      193K/89112 us
[ ID] Interval        Transfer    Bandwidth       Write/Err  Rtry    Cwnd/RTT
[  3] 10.00-11.00 sec  2.36 MBytes  19.8 Mbits/sec  19/0          0      193K/88880 us
[ ID] Interval        Transfer    Bandwidth       Write/Err  Rtry    Cwnd/RTT
[  3] 11.00-12.00 sec  2.24 MBytes  18.8 Mbits/sec  19/0          0      193K/80703 us
[ ID] Interval        Transfer    Bandwidth       Write/Err  Rtry    Cwnd/RTT
[  3] 12.00-13.00 sec  2.17 MBytes  18.2 Mbits/sec  18/0          6      193K/86090 us
[ ID] Interval        Transfer    Bandwidth       Write/Err  Rtry    Cwnd/RTT
[  3] 13.00-14.00 sec  2.24 MBytes  18.8 Mbits/sec  18/0          0      193K/87223 us
[ ID] Interval        Transfer    Bandwidth       Write/Err  Rtry    Cwnd/RTT
[  3] 14.00-15.00 sec  2.17 MBytes  18.2 Mbits/sec  18/0         10      224K/90326 us
[ ID] Interval        Transfer    Bandwidth       Write/Err  Rtry    Cwnd/RTT
[  3] 15.00-16.00 sec  2.05 MBytes  17.2 Mbits/sec  17/0          0      193K/94989 us
[ ID] Interval        Transfer    Bandwidth       Write/Err  Rtry    Cwnd/RTT
[  3] 16.00-17.00 sec  1.99 MBytes  16.7 Mbits/sec  17/0          0      193K/88826 us
[ ID] Interval        Transfer    Bandwidth       Write/Err  Rtry    Cwnd/RTT
[  3] 17.00-18.00 sec  1.80 MBytes  15.1 Mbits/sec  15/0          4      193K/96777 us
[ ID] Interval        Transfer    Bandwidth       Write/Err  Rtry    Cwnd/RTT
[  3] 18.00-19.00 sec  2.17 MBytes  18.2 Mbits/sec  18/0          6      210K/97295 us
[ ID] Interval        Transfer    Bandwidth       Write/Err  Rtry    Cwnd/RTT
[  3] 19.00-20.00 sec  1.93 MBytes  16.2 Mbits/sec  16/0         10      173K/92802 us
[ ID] Interval        Transfer    Bandwidth       Write/Err  Rtry    Cwnd/RTT
[  3] 20.00-21.00 sec  1.80 MBytes  15.1 Mbits/sec  15/0          0      173K/93879 us
[ ID] Interval        Transfer    Bandwidth       Write/Err  Rtry    Cwnd/RTT
[  3] 21.00-22.00 sec  1.80 MBytes  15.1 Mbits/sec  15/0          0      179K/88066 us
[ ID] Interval        Transfer    Bandwidth       Write/Err  Rtry    Cwnd/RTT
[  3] 22.00-23.00 sec  1.62 MBytes  13.6 Mbits/sec  13/0         22      169K/95898 us
[ ID] Interval        Transfer    Bandwidth       Write/Err  Rtry    Cwnd/RTT
[  3] 23.00-24.00 sec   891 KBytes  7.30 Mbits/sec  7/0          0      169K/92679 us
[ ID] Interval        Transfer    Bandwidth       Write/Err  Rtry    Cwnd/RTT
[  3] 24.00-25.00 sec  1.74 MBytes  14.6 Mbits/sec  14/0          8      173K/85064 us
[ ID] Interval        Transfer    Bandwidth       Write/Err  Rtry    Cwnd/RTT
[  3] 25.00-26.00 sec  1.80 MBytes  15.1 Mbits/sec  15/0          2      173K/81321 us
[ ID] Interval        Transfer    Bandwidth       Write/Err  Rtry    Cwnd/RTT
[  3] 26.00-27.00 sec  1.68 MBytes  14.1 Mbits/sec  14/0          0      203K/95544 us
[ ID] Interval        Transfer    Bandwidth       Write/Err  Rtry    Cwnd/RTT
[  3] 27.00-28.00 sec  1.62 MBytes  13.6 Mbits/sec  14/0         11      148K/88207 us
[ ID] Interval        Transfer    Bandwidth       Write/Err  Rtry    Cwnd/RTT
[  3] 28.00-29.00 sec  1.68 MBytes  14.1 Mbits/sec  14/0          0      148K/91401 us
[ ID] Interval        Transfer    Bandwidth       Write/Err  Rtry    Cwnd/RTT
[  3] 29.00-30.00 sec  1.62 MBytes  13.6 Mbits/sec  14/0          0      162K/74363 us
[ ID] Interval        Transfer    Bandwidth       Write/Err  Rtry    Cwnd/RTT
[  3] 0.00-30.16 sec  63.6 MBytes  17.7 Mbits/sec  525/0        208      162K/74363 us
