------------------------------------------------------------
Client connecting to 10.0.0.4, TCP port 5001 with pid 35978
Write buffer size:  128 KByte
TCP window size:  128 KByte (default)
------------------------------------------------------------
[  3] local 10.0.0.2 port 57116 connected with 10.0.0.4 port 5001
[ ID] Interval        Transfer    Bandwidth       Write/Err  Rtry    Cwnd/RTT
[  3] 0.00-1.00 sec  8.55 MBytes  71.7 Mbits/sec  69/0          0      841K/199978 us
[ ID] Interval        Transfer    Bandwidth       Write/Err  Rtry    Cwnd/RTT
[  3] 1.00-2.00 sec  4.16 MBytes  34.9 Mbits/sec  34/0         19      425K/108693 us
[ ID] Interval        Transfer    Bandwidth       Write/Err  Rtry    Cwnd/RTT
[  3] 2.00-3.00 sec  3.17 MBytes  26.6 Mbits/sec  26/0          0      425K/115190 us
[ ID] Interval        Transfer    Bandwidth       Write/Err  Rtry    Cwnd/RTT
[  3] 3.00-4.00 sec  3.23 MBytes  27.1 Mbits/sec  27/0         10      591K/146442 us
[ ID] Interval        Transfer    Bandwidth       Write/Err  Rtry    Cwnd/RTT
[  3] 4.00-5.00 sec  2.86 MBytes  24.0 Mbits/sec  23/0        160      107K/115885 us
[ ID] Interval        Transfer    Bandwidth       Write/Err  Rtry    Cwnd/RTT
[  3] 5.00-6.00 sec  3.42 MBytes  28.7 Mbits/sec  28/0        129      435K/109220 us
[ ID] Interval        Transfer    Bandwidth       Write/Err  Rtry    Cwnd/RTT
[  3] 6.00-7.00 sec  3.48 MBytes  29.2 Mbits/sec  29/0         44      405K/112838 us
[ ID] Interval        Transfer    Bandwidth       Write/Err  Rtry    Cwnd/RTT
[  3] 7.00-8.00 sec  3.17 MBytes  26.6 Mbits/sec  26/0         35      458K/116135 us
[ ID] Interval        Transfer    Bandwidth       Write/Err  Rtry    Cwnd/RTT
[  3] 8.00-9.00 sec  3.17 MBytes  26.6 Mbits/sec  26/0          0      458K/109262 us
[ ID] Interval        Transfer    Bandwidth       Write/Err  Rtry    Cwnd/RTT
[  3] 9.00-10.00 sec  2.86 MBytes  24.0 Mbits/sec  24/0         20      446K/122029 us
[ ID] Interval        Transfer    Bandwidth       Write/Err  Rtry    Cwnd/RTT
[  3] 10.00-11.00 sec  1.24 MBytes  10.4 Mbits/sec  10/0          0      381K/73088 us
[ ID] Interval        Transfer    Bandwidth       Write/Err  Rtry    Cwnd/RTT
[  3] 11.00-12.00 sec  3.11 MBytes  26.1 Mbits/sec  25/0          6      378K/123383 us
[ ID] Interval        Transfer    Bandwidth       Write/Err  Rtry    Cwnd/RTT
[  3] 12.00-13.00 sec  3.17 MBytes  26.6 Mbits/sec  26/0          0      446K/107997 us
[ ID] Interval        Transfer    Bandwidth       Write/Err  Rtry    Cwnd/RTT
[  3] 13.00-14.00 sec  2.92 MBytes  24.5 Mbits/sec  24/0          7      410K/106917 us
[ ID] Interval        Transfer    Bandwidth       Write/Err  Rtry    Cwnd/RTT
[  3] 14.00-15.00 sec  3.23 MBytes  27.1 Mbits/sec  26/0          0      349K/111425 us
[ ID] Interval        Transfer    Bandwidth       Write/Err  Rtry    Cwnd/RTT
[  3] 15.00-16.00 sec  3.04 MBytes  25.5 Mbits/sec  25/0          0      110K/116737 us
[ ID] Interval        Transfer    Bandwidth       Write/Err  Rtry    Cwnd/RTT
[  3] 16.00-17.00 sec  2.67 MBytes  22.4 Mbits/sec  22/0          0      349K/105167 us
[ ID] Interval        Transfer    Bandwidth       Write/Err  Rtry    Cwnd/RTT
[  3] 17.00-18.00 sec  2.98 MBytes  25.0 Mbits/sec  24/0          0      349K/102097 us
[ ID] Interval        Transfer    Bandwidth       Write/Err  Rtry    Cwnd/RTT
[  3] 18.00-19.00 sec  2.98 MBytes  25.0 Mbits/sec  25/0          0      410K/104007 us
[ ID] Interval        Transfer    Bandwidth       Write/Err  Rtry    Cwnd/RTT
[  3] 19.00-20.00 sec  3.11 MBytes  26.1 Mbits/sec  25/0          0      349K/111874 us
[ ID] Interval        Transfer    Bandwidth       Write/Err  Rtry    Cwnd/RTT
[  3] 20.00-21.00 sec  3.11 MBytes  26.1 Mbits/sec  26/0          0      349K/88950 us
[ ID] Interval        Transfer    Bandwidth       Write/Err  Rtry    Cwnd/RTT
[  3] 21.00-22.00 sec  2.73 MBytes  22.9 Mbits/sec  23/0          0      349K/113409 us
[ ID] Interval        Transfer    Bandwidth       Write/Err  Rtry    Cwnd/RTT
[  3] 22.00-23.00 sec  2.92 MBytes  24.5 Mbits/sec  24/0          0      349K/117607 us
[ ID] Interval        Transfer    Bandwidth       Write/Err  Rtry    Cwnd/RTT
[  3] 23.00-24.00 sec  2.92 MBytes  24.5 Mbits/sec  24/0          0      410K/102774 us
[ ID] Interval        Transfer    Bandwidth       Write/Err  Rtry    Cwnd/RTT
[  3] 24.00-25.00 sec  2.98 MBytes  25.0 Mbits/sec  24/0          0      349K/112260 us
[ ID] Interval        Transfer    Bandwidth       Write/Err  Rtry    Cwnd/RTT
[  3] 25.00-26.00 sec  3.04 MBytes  25.5 Mbits/sec  25/0          0      349K/111532 us
[ ID] Interval        Transfer    Bandwidth       Write/Err  Rtry    Cwnd/RTT
[  3] 26.00-27.00 sec  2.80 MBytes  23.5 Mbits/sec  23/0          0      349K/120463 us
[ ID] Interval        Transfer    Bandwidth       Write/Err  Rtry    Cwnd/RTT
[  3] 27.00-28.00 sec  2.86 MBytes  24.0 Mbits/sec  24/0          0      349K/112470 us
[ ID] Interval        Transfer    Bandwidth       Write/Err  Rtry    Cwnd/RTT
[  3] 28.00-29.00 sec  2.98 MBytes  25.0 Mbits/sec  24/0          0      349K/110922 us
[ ID] Interval        Transfer    Bandwidth       Write/Err  Rtry    Cwnd/RTT
[  3] 29.00-30.00 sec  2.80 MBytes  23.5 Mbits/sec  23/0          6      340K/86123 us
[ ID] Interval        Transfer    Bandwidth       Write/Err  Rtry    Cwnd/RTT
[  3] 0.00-30.46 sec  95.7 MBytes  26.3 Mbits/sec  784/0        436      340K/86123 us
