------------------------------------------------------------
Client connecting to 10.0.0.3, TCP port 5000 with pid 36307
Write buffer size:  128 KByte
TCP window size: 85.3 KByte (default)
------------------------------------------------------------
[  3] local 10.0.0.1 port 57126 connected with 10.0.0.3 port 5000
[ ID] Interval        Transfer    Bandwidth       Write/Err  Rtry    Cwnd/RTT
[  3] 0.00-1.00 sec  3.88 MBytes  32.5 Mbits/sec  31/0         23      330K/118358 us
[ ID] Interval        Transfer    Bandwidth       Write/Err  Rtry    Cwnd/RTT
[  3] 1.00-2.00 sec  3.00 MBytes  25.2 Mbits/sec  24/0          0      264K/95925 us
[ ID] Interval        Transfer    Bandwidth       Write/Err  Rtry    Cwnd/RTT
[  3] 2.00-3.00 sec  2.50 MBytes  21.0 Mbits/sec  20/0         36      231K/109471 us
[ ID] Interval        Transfer    Bandwidth       Write/Err  Rtry    Cwnd/RTT
[  3] 3.00-4.00 sec  3.00 MBytes  25.2 Mbits/sec  24/0         45      330K/93032 us
[ ID] Interval        Transfer    Bandwidth       Write/Err  Rtry    Cwnd/RTT
[  3] 4.00-5.00 sec  3.00 MBytes  25.2 Mbits/sec  24/0          0      298K/98929 us
[ ID] Interval        Transfer    Bandwidth       Write/Err  Rtry    Cwnd/RTT
[  3] 5.00-6.00 sec  3.00 MBytes  25.2 Mbits/sec  24/0          0      231K/95106 us
[ ID] Interval        Transfer    Bandwidth       Write/Err  Rtry    Cwnd/RTT
[  3] 6.00-7.00 sec  2.25 MBytes  18.9 Mbits/sec  18/0          0      298K/98253 us
[ ID] Interval        Transfer    Bandwidth       Write/Err  Rtry    Cwnd/RTT
[  3] 7.00-8.00 sec  3.00 MBytes  25.2 Mbits/sec  24/0          0      264K/99338 us
[ ID] Interval        Transfer    Bandwidth       Write/Err  Rtry    Cwnd/RTT
[  3] 8.00-9.00 sec  3.00 MBytes  25.2 Mbits/sec  24/0          0      264K/91345 us
[ ID] Interval        Transfer    Bandwidth       Write/Err  Rtry    Cwnd/RTT
[  3] 9.00-10.00 sec  2.88 MBytes  24.1 Mbits/sec  23/0          0      298K/102490 us
[ ID] Interval        Transfer    Bandwidth       Write/Err  Rtry    Cwnd/RTT
[  3] 10.00-11.00 sec  3.00 MBytes  25.2 Mbits/sec  24/0          0      364K/92151 us
[ ID] Interval        Transfer    Bandwidth       Write/Err  Rtry    Cwnd/RTT
[  3] 11.00-12.00 sec  2.25 MBytes  18.9 Mbits/sec  18/0          0      364K/108569 us
[ ID] Interval        Transfer    Bandwidth       Write/Err  Rtry    Cwnd/RTT
[  3] 12.00-13.00 sec  3.00 MBytes  25.2 Mbits/sec  24/0          0      231K/110389 us
[ ID] Interval        Transfer    Bandwidth       Write/Err  Rtry    Cwnd/RTT
[  3] 13.00-14.00 sec  3.25 MBytes  27.3 Mbits/sec  26/0         12      364K/94329 us
[ ID] Interval        Transfer    Bandwidth       Write/Err  Rtry    Cwnd/RTT
[  3] 14.00-15.00 sec  2.25 MBytes  18.9 Mbits/sec  18/0          0      330K/96728 us
[ ID] Interval        Transfer    Bandwidth       Write/Err  Rtry    Cwnd/RTT
[  3] 15.00-16.00 sec  3.00 MBytes  25.2 Mbits/sec  24/0          0      231K/102845 us
[ ID] Interval        Transfer    Bandwidth       Write/Err  Rtry    Cwnd/RTT
[  3] 16.00-17.00 sec  2.25 MBytes  18.9 Mbits/sec  18/0          0      264K/116851 us
[ ID] Interval        Transfer    Bandwidth       Write/Err  Rtry    Cwnd/RTT
[  3] 17.00-18.00 sec  2.88 MBytes  24.1 Mbits/sec  23/0          0      364K/112362 us
[ ID] Interval        Transfer    Bandwidth       Write/Err  Rtry    Cwnd/RTT
[  3] 18.00-19.00 sec  2.25 MBytes  18.9 Mbits/sec  18/0          0      330K/116808 us
[ ID] Interval        Transfer    Bandwidth       Write/Err  Rtry    Cwnd/RTT
[  3] 19.00-20.00 sec  3.00 MBytes  25.2 Mbits/sec  24/0         38      330K/91298 us
[ ID] Interval        Transfer    Bandwidth       Write/Err  Rtry    Cwnd/RTT
[  3] 20.00-21.00 sec  3.00 MBytes  25.2 Mbits/sec  24/0          0      330K/96157 us
[ ID] Interval        Transfer    Bandwidth       Write/Err  Rtry    Cwnd/RTT
[  3] 21.00-22.00 sec  3.00 MBytes  25.2 Mbits/sec  24/0          0      364K/85949 us
[ ID] Interval        Transfer    Bandwidth       Write/Err  Rtry    Cwnd/RTT
[  3] 22.00-23.00 sec  3.00 MBytes  25.2 Mbits/sec  24/0          0      231K/98256 us
[ ID] Interval        Transfer    Bandwidth       Write/Err  Rtry    Cwnd/RTT
[  3] 23.00-24.00 sec  3.00 MBytes  25.2 Mbits/sec  24/0          0      364K/91494 us
[ ID] Interval        Transfer    Bandwidth       Write/Err  Rtry    Cwnd/RTT
[  3] 24.00-25.00 sec  2.88 MBytes  24.1 Mbits/sec  23/0          0      330K/87913 us
[ ID] Interval        Transfer    Bandwidth       Write/Err  Rtry    Cwnd/RTT
[  3] 25.00-26.00 sec  3.00 MBytes  25.2 Mbits/sec  24/0          0      364K/97157 us
[ ID] Interval        Transfer    Bandwidth       Write/Err  Rtry    Cwnd/RTT
[  3] 26.00-27.00 sec  3.00 MBytes  25.2 Mbits/sec  24/0          0      330K/99304 us
[ ID] Interval        Transfer    Bandwidth       Write/Err  Rtry    Cwnd/RTT
[  3] 27.00-28.00 sec  3.00 MBytes  25.2 Mbits/sec  24/0          0      364K/101555 us
[ ID] Interval        Transfer    Bandwidth       Write/Err  Rtry    Cwnd/RTT
[  3] 28.00-29.00 sec  3.00 MBytes  25.2 Mbits/sec  24/0          0      298K/102351 us
[ ID] Interval        Transfer    Bandwidth       Write/Err  Rtry    Cwnd/RTT
[  3] 29.00-30.00 sec  3.00 MBytes  25.2 Mbits/sec  24/0          0      364K/107145 us
[ ID] Interval        Transfer    Bandwidth       Write/Err  Rtry    Cwnd/RTT
[  3] 0.00-30.04 sec  86.5 MBytes  24.2 Mbits/sec  692/0        154      364K/107145 us
