------------------------------------------------------------
Client connecting to 10.0.0.3, TCP port 5000 with pid 34985
Write buffer size:  128 KByte
TCP window size: 85.3 KByte (default)
------------------------------------------------------------
[  3] local 10.0.0.1 port 57116 connected with 10.0.0.3 port 5000
[ ID] Interval        Transfer    Bandwidth       Write/Err  Rtry    Cwnd/RTT
[  3] 0.00-1.00 sec  4.12 MBytes  34.6 Mbits/sec  33/0          0      298K/88321 us
[ ID] Interval        Transfer    Bandwidth       Write/Err  Rtry    Cwnd/RTT
[  3] 1.00-2.00 sec  3.00 MBytes  25.2 Mbits/sec  24/0          0      330K/80910 us
[ ID] Interval        Transfer    Bandwidth       Write/Err  Rtry    Cwnd/RTT
[  3] 2.00-3.00 sec  3.00 MBytes  25.2 Mbits/sec  24/0          0      264K/95378 us
[ ID] Interval        Transfer    Bandwidth       Write/Err  Rtry    Cwnd/RTT
[  3] 3.00-4.00 sec  3.00 MBytes  25.2 Mbits/sec  24/0          0      330K/112193 us
[ ID] Interval        Transfer    Bandwidth       Write/Err  Rtry    Cwnd/RTT
[  3] 4.00-5.00 sec  2.25 MBytes  18.9 Mbits/sec  18/0          0      364K/98599 us
[ ID] Interval        Transfer    Bandwidth       Write/Err  Rtry    Cwnd/RTT
[  3] 5.00-6.00 sec  2.88 MBytes  24.1 Mbits/sec  23/0          0      364K/103133 us
[ ID] Interval        Transfer    Bandwidth       Write/Err  Rtry    Cwnd/RTT
[  3] 6.00-7.00 sec  3.00 MBytes  25.2 Mbits/sec  24/0          0      364K/103231 us
[ ID] Interval        Transfer    Bandwidth       Write/Err  Rtry    Cwnd/RTT
[  3] 7.00-8.00 sec  2.25 MBytes  18.9 Mbits/sec  18/0          0      298K/115051 us
[ ID] Interval        Transfer    Bandwidth       Write/Err  Rtry    Cwnd/RTT
[  3] 8.00-9.00 sec  2.25 MBytes  18.9 Mbits/sec  18/0          0      364K/126418 us
[ ID] Interval        Transfer    Bandwidth       Write/Err  Rtry    Cwnd/RTT
[  3] 9.00-10.00 sec  3.00 MBytes  25.2 Mbits/sec  24/0          0      364K/95772 us
[ ID] Interval        Transfer    Bandwidth       Write/Err  Rtry    Cwnd/RTT
[  3] 10.00-11.00 sec  3.00 MBytes  25.2 Mbits/sec  24/0          0      364K/103693 us
[ ID] Interval        Transfer    Bandwidth       Write/Err  Rtry    Cwnd/RTT
[  3] 11.00-12.00 sec  2.25 MBytes  18.9 Mbits/sec  18/0          0      298K/110476 us
[ ID] Interval        Transfer    Bandwidth       Write/Err  Rtry    Cwnd/RTT
[  3] 12.00-13.00 sec  3.00 MBytes  25.2 Mbits/sec  24/0          0      364K/99464 us
[ ID] Interval        Transfer    Bandwidth       Write/Err  Rtry    Cwnd/RTT
[  3] 13.00-14.00 sec  2.88 MBytes  24.1 Mbits/sec  23/0          0      298K/107743 us
[ ID] Interval        Transfer    Bandwidth       Write/Err  Rtry    Cwnd/RTT
[  3] 14.00-15.00 sec  2.25 MBytes  18.9 Mbits/sec  18/0          0      264K/117053 us
[ ID] Interval        Transfer    Bandwidth       Write/Err  Rtry    Cwnd/RTT
[  3] 15.00-16.00 sec  3.00 MBytes  25.2 Mbits/sec  24/0          0      298K/102272 us
[ ID] Interval        Transfer    Bandwidth       Write/Err  Rtry    Cwnd/RTT
[  3] 16.00-17.00 sec  3.00 MBytes  25.2 Mbits/sec  24/0          0      264K/96527 us
[ ID] Interval        Transfer    Bandwidth       Write/Err  Rtry    Cwnd/RTT
[  3] 17.00-18.00 sec  2.25 MBytes  18.9 Mbits/sec  18/0          0      231K/113378 us
[ ID] Interval        Transfer    Bandwidth       Write/Err  Rtry    Cwnd/RTT
[  3] 18.00-19.00 sec  3.00 MBytes  25.2 Mbits/sec  24/0          0      231K/106058 us
[ ID] Interval        Transfer    Bandwidth       Write/Err  Rtry    Cwnd/RTT
[  3] 19.00-20.00 sec  2.25 MBytes  18.9 Mbits/sec  18/0          0      364K/129652 us
[ ID] Interval        Transfer    Bandwidth       Write/Err  Rtry    Cwnd/RTT
[  3] 20.00-21.00 sec  3.00 MBytes  25.2 Mbits/sec  24/0          0      264K/98930 us
[ ID] Interval        Transfer    Bandwidth       Write/Err  Rtry    Cwnd/RTT
[  3] 21.00-22.00 sec  2.88 MBytes  24.1 Mbits/sec  23/0          0      364K/111385 us
[ ID] Interval        Transfer    Bandwidth       Write/Err  Rtry    Cwnd/RTT
[  3] 22.00-23.00 sec  2.25 MBytes  18.9 Mbits/sec  18/0          0      364K/97312 us
[ ID] Interval        Transfer    Bandwidth       Write/Err  Rtry    Cwnd/RTT
[  3] 23.00-24.00 sec  3.00 MBytes  25.2 Mbits/sec  24/0          0      264K/124941 us
[ ID] Interval        Transfer    Bandwidth       Write/Err  Rtry    Cwnd/RTT
[  3] 24.00-25.00 sec  3.00 MBytes  25.2 Mbits/sec  24/0          0      264K/98183 us
[ ID] Interval        Transfer    Bandwidth       Write/Err  Rtry    Cwnd/RTT
[  3] 25.00-26.00 sec  2.25 MBytes  18.9 Mbits/sec  18/0          0      330K/101456 us
[ ID] Interval        Transfer    Bandwidth       Write/Err  Rtry    Cwnd/RTT
[  3] 26.00-27.00 sec  3.00 MBytes  25.2 Mbits/sec  24/0          0      264K/111694 us
[ ID] Interval        Transfer    Bandwidth       Write/Err  Rtry    Cwnd/RTT
[  3] 27.00-28.00 sec  3.00 MBytes  25.2 Mbits/sec  24/0          0      231K/110548 us
[ ID] Interval        Transfer    Bandwidth       Write/Err  Rtry    Cwnd/RTT
[  3] 28.00-29.00 sec  3.00 MBytes  25.2 Mbits/sec  24/0          0      364K/105089 us
[ ID] Interval        Transfer    Bandwidth       Write/Err  Rtry    Cwnd/RTT
[  3] 29.00-30.00 sec  2.12 MBytes  17.8 Mbits/sec  17/0          0      330K/112540 us
[ ID] Interval        Transfer    Bandwidth       Write/Err  Rtry    Cwnd/RTT
[  3] 0.00-30.08 sec  83.1 MBytes  23.2 Mbits/sec  665/0          0      330K/112540 us
