------------------------------------------------------------
Client connecting to 10.0.0.4, TCP port 5001 with pid 34984
Write buffer size:  128 KByte
TCP window size: 85.3 KByte (default)
------------------------------------------------------------
[  3] local 10.0.0.2 port 57110 connected with 10.0.0.4 port 5001
[ ID] Interval        Transfer    Bandwidth       Write/Err  Rtry    Cwnd/RTT
[  3] 0.00-1.00 sec  4.00 MBytes  33.6 Mbits/sec  32/0          0      264K/109252 us
[ ID] Interval        Transfer    Bandwidth       Write/Err  Rtry    Cwnd/RTT
[  3] 1.00-2.00 sec  2.88 MBytes  24.1 Mbits/sec  23/0          0      231K/95066 us
[ ID] Interval        Transfer    Bandwidth       Write/Err  Rtry    Cwnd/RTT
[  3] 2.00-3.00 sec  3.00 MBytes  25.2 Mbits/sec  24/0          0      298K/91699 us
[ ID] Interval        Transfer    Bandwidth       Write/Err  Rtry    Cwnd/RTT
[  3] 3.00-4.00 sec  2.25 MBytes  18.9 Mbits/sec  18/0          0      330K/108007 us
[ ID] Interval        Transfer    Bandwidth       Write/Err  Rtry    Cwnd/RTT
[  3] 4.00-5.00 sec  3.00 MBytes  25.2 Mbits/sec  24/0          0      364K/96238 us
[ ID] Interval        Transfer    Bandwidth       Write/Err  Rtry    Cwnd/RTT
[  3] 5.00-6.00 sec  3.00 MBytes  25.2 Mbits/sec  24/0          0      364K/105311 us
[ ID] Interval        Transfer    Bandwidth       Write/Err  Rtry    Cwnd/RTT
[  3] 6.00-7.00 sec  3.00 MBytes  25.2 Mbits/sec  24/0          0      298K/102859 us
[ ID] Interval        Transfer    Bandwidth       Write/Err  Rtry    Cwnd/RTT
[  3] 7.00-8.00 sec  2.25 MBytes  18.9 Mbits/sec  18/0          0      330K/118853 us
[ ID] Interval        Transfer    Bandwidth       Write/Err  Rtry    Cwnd/RTT
[  3] 8.00-9.00 sec  3.00 MBytes  25.2 Mbits/sec  24/0          0      264K/111797 us
[ ID] Interval        Transfer    Bandwidth       Write/Err  Rtry    Cwnd/RTT
[  3] 9.00-10.00 sec  2.12 MBytes  17.8 Mbits/sec  17/0          0      330K/98371 us
[ ID] Interval        Transfer    Bandwidth       Write/Err  Rtry    Cwnd/RTT
[  3] 10.00-11.00 sec  3.00 MBytes  25.2 Mbits/sec  24/0          0      364K/106457 us
[ ID] Interval        Transfer    Bandwidth       Write/Err  Rtry    Cwnd/RTT
[  3] 11.00-12.00 sec  3.00 MBytes  25.2 Mbits/sec  24/0          0      364K/93565 us
[ ID] Interval        Transfer    Bandwidth       Write/Err  Rtry    Cwnd/RTT
[  3] 12.00-13.00 sec  2.25 MBytes  18.9 Mbits/sec  18/0          0      330K/100520 us
[ ID] Interval        Transfer    Bandwidth       Write/Err  Rtry    Cwnd/RTT
[  3] 13.00-14.00 sec  3.00 MBytes  25.2 Mbits/sec  24/0          0      364K/107354 us
[ ID] Interval        Transfer    Bandwidth       Write/Err  Rtry    Cwnd/RTT
[  3] 14.00-15.00 sec  3.00 MBytes  25.2 Mbits/sec  24/0          0      298K/108964 us
[ ID] Interval        Transfer    Bandwidth       Write/Err  Rtry    Cwnd/RTT
[  3] 15.00-16.00 sec  2.25 MBytes  18.9 Mbits/sec  18/0          0      330K/102354 us
[ ID] Interval        Transfer    Bandwidth       Write/Err  Rtry    Cwnd/RTT
[  3] 16.00-17.00 sec  3.00 MBytes  25.2 Mbits/sec  24/0          0      364K/96426 us
[ ID] Interval        Transfer    Bandwidth       Write/Err  Rtry    Cwnd/RTT
[  3] 17.00-18.00 sec  2.88 MBytes  24.1 Mbits/sec  23/0          0      231K/108663 us
[ ID] Interval        Transfer    Bandwidth       Write/Err  Rtry    Cwnd/RTT
[  3] 18.00-19.00 sec  2.25 MBytes  18.9 Mbits/sec  18/0          0      364K/104879 us
[ ID] Interval        Transfer    Bandwidth       Write/Err  Rtry    Cwnd/RTT
[  3] 19.00-20.00 sec  2.25 MBytes  18.9 Mbits/sec  18/0          0      364K/123511 us
[ ID] Interval        Transfer    Bandwidth       Write/Err  Rtry    Cwnd/RTT
[  3] 20.00-21.00 sec  3.00 MBytes  25.2 Mbits/sec  24/0          0      298K/93912 us
[ ID] Interval        Transfer    Bandwidth       Write/Err  Rtry    Cwnd/RTT
[  3] 21.00-22.00 sec  3.00 MBytes  25.2 Mbits/sec  24/0          0      364K/108356 us
[ ID] Interval        Transfer    Bandwidth       Write/Err  Rtry    Cwnd/RTT
[  3] 22.00-23.00 sec  3.00 MBytes  25.2 Mbits/sec  24/0          0      364K/99380 us
[ ID] Interval        Transfer    Bandwidth       Write/Err  Rtry    Cwnd/RTT
[  3] 23.00-24.00 sec  2.25 MBytes  18.9 Mbits/sec  18/0          0      364K/123989 us
[ ID] Interval        Transfer    Bandwidth       Write/Err  Rtry    Cwnd/RTT
[  3] 24.00-25.00 sec  3.00 MBytes  25.2 Mbits/sec  24/0          0      364K/105234 us
[ ID] Interval        Transfer    Bandwidth       Write/Err  Rtry    Cwnd/RTT
[  3] 25.00-26.00 sec  2.88 MBytes  24.1 Mbits/sec  23/0          0      364K/109191 us
[ ID] Interval        Transfer    Bandwidth       Write/Err  Rtry    Cwnd/RTT
[  3] 26.00-27.00 sec  2.25 MBytes  18.9 Mbits/sec  18/0          0      364K/113009 us
[ ID] Interval        Transfer    Bandwidth       Write/Err  Rtry    Cwnd/RTT
[  3] 27.00-28.00 sec  3.00 MBytes  25.2 Mbits/sec  24/0          0      364K/112358 us
[ ID] Interval        Transfer    Bandwidth       Write/Err  Rtry    Cwnd/RTT
[  3] 28.00-29.00 sec  2.25 MBytes  18.9 Mbits/sec  18/0          0      298K/103265 us
[ ID] Interval        Transfer    Bandwidth       Write/Err  Rtry    Cwnd/RTT
[  3] 29.00-30.00 sec  3.00 MBytes  25.2 Mbits/sec  24/0          0      330K/108726 us
[ ID] Interval        Transfer    Bandwidth       Write/Err  Rtry    Cwnd/RTT
[  3] 0.00-30.14 sec  83.0 MBytes  23.1 Mbits/sec  664/0          0      330K/108726 us
