------------------------------------------------------------
Client connecting to 10.0.0.4, TCP port 5001 with pid 36308
Write buffer size:  128 KByte
TCP window size: 85.3 KByte (default)
------------------------------------------------------------
[  3] local 10.0.0.2 port 57118 connected with 10.0.0.4 port 5001
[ ID] Interval        Transfer    Bandwidth       Write/Err  Rtry    Cwnd/RTT
[  3] 0.00-1.00 sec  5.00 MBytes  41.9 Mbits/sec  40/0         27      326K/124738 us
[ ID] Interval        Transfer    Bandwidth       Write/Err  Rtry    Cwnd/RTT
[  3] 1.00-2.00 sec  3.38 MBytes  28.3 Mbits/sec  27/0          0      312K/96211 us
[ ID] Interval        Transfer    Bandwidth       Write/Err  Rtry    Cwnd/RTT
[  3] 2.00-3.00 sec  2.25 MBytes  18.9 Mbits/sec  18/0          0      326K/111978 us
[ ID] Interval        Transfer    Bandwidth       Write/Err  Rtry    Cwnd/RTT
[  3] 3.00-4.00 sec  3.75 MBytes  31.5 Mbits/sec  30/0          2      247K/98322 us
[ ID] Interval        Transfer    Bandwidth       Write/Err  Rtry    Cwnd/RTT
[  3] 4.00-5.00 sec  2.12 MBytes  17.8 Mbits/sec  17/0          0      265K/101452 us
[ ID] Interval        Transfer    Bandwidth       Write/Err  Rtry    Cwnd/RTT
[  3] 5.00-6.00 sec  2.25 MBytes  18.9 Mbits/sec  18/0          0      277K/92379 us
[ ID] Interval        Transfer    Bandwidth       Write/Err  Rtry    Cwnd/RTT
[  3] 6.00-7.00 sec  3.38 MBytes  28.3 Mbits/sec  27/0          0      282K/99488 us
[ ID] Interval        Transfer    Bandwidth       Write/Err  Rtry    Cwnd/RTT
[  3] 7.00-8.00 sec  3.38 MBytes  28.3 Mbits/sec  27/0          0      282K/92022 us
[ ID] Interval        Transfer    Bandwidth       Write/Err  Rtry    Cwnd/RTT
[  3] 8.00-9.00 sec  2.25 MBytes  18.9 Mbits/sec  18/0          0      282K/88135 us
[ ID] Interval        Transfer    Bandwidth       Write/Err  Rtry    Cwnd/RTT
[  3] 9.00-10.00 sec  3.38 MBytes  28.3 Mbits/sec  27/0          0      287K/100035 us
[ ID] Interval        Transfer    Bandwidth       Write/Err  Rtry    Cwnd/RTT
[  3] 10.00-11.00 sec  2.25 MBytes  18.9 Mbits/sec  18/0          0      295K/104771 us
[ ID] Interval        Transfer    Bandwidth       Write/Err  Rtry    Cwnd/RTT
[  3] 11.00-12.00 sec  3.25 MBytes  27.3 Mbits/sec  26/0          0      316K/111141 us
[ ID] Interval        Transfer    Bandwidth       Write/Err  Rtry    Cwnd/RTT
[  3] 12.00-13.00 sec  2.25 MBytes  18.9 Mbits/sec  18/0          0      339K/111850 us
[ ID] Interval        Transfer    Bandwidth       Write/Err  Rtry    Cwnd/RTT
[  3] 13.00-14.00 sec  3.38 MBytes  28.3 Mbits/sec  27/0          2      279K/91844 us
[ ID] Interval        Transfer    Bandwidth       Write/Err  Rtry    Cwnd/RTT
[  3] 14.00-15.00 sec  3.38 MBytes  28.3 Mbits/sec  27/0          0      320K/97760 us
[ ID] Interval        Transfer    Bandwidth       Write/Err  Rtry    Cwnd/RTT
[  3] 15.00-16.00 sec  2.25 MBytes  18.9 Mbits/sec  18/0          0      336K/111501 us
[ ID] Interval        Transfer    Bandwidth       Write/Err  Rtry    Cwnd/RTT
[  3] 16.00-17.00 sec  3.38 MBytes  28.3 Mbits/sec  27/0          0      350K/103550 us
[ ID] Interval        Transfer    Bandwidth       Write/Err  Rtry    Cwnd/RTT
[  3] 17.00-18.00 sec  3.38 MBytes  28.3 Mbits/sec  27/0          0      354K/110806 us
[ ID] Interval        Transfer    Bandwidth       Write/Err  Rtry    Cwnd/RTT
[  3] 18.00-19.00 sec  3.38 MBytes  28.3 Mbits/sec  27/0          0      354K/115422 us
[ ID] Interval        Transfer    Bandwidth       Write/Err  Rtry    Cwnd/RTT
[  3] 19.00-20.00 sec  2.12 MBytes  17.8 Mbits/sec  17/0          6      247K/95360 us
[ ID] Interval        Transfer    Bandwidth       Write/Err  Rtry    Cwnd/RTT
[  3] 20.00-21.00 sec  3.62 MBytes  30.4 Mbits/sec  29/0          0      304K/105731 us
[ ID] Interval        Transfer    Bandwidth       Write/Err  Rtry    Cwnd/RTT
[  3] 21.00-22.00 sec  2.50 MBytes  21.0 Mbits/sec  20/0          2      234K/95437 us
[ ID] Interval        Transfer    Bandwidth       Write/Err  Rtry    Cwnd/RTT
[  3] 22.00-23.00 sec  2.25 MBytes  18.9 Mbits/sec  18/0          0      251K/97220 us
[ ID] Interval        Transfer    Bandwidth       Write/Err  Rtry    Cwnd/RTT
[  3] 23.00-24.00 sec  2.25 MBytes  18.9 Mbits/sec  18/0          0      263K/89956 us
[ ID] Interval        Transfer    Bandwidth       Write/Err  Rtry    Cwnd/RTT
[  3] 24.00-25.00 sec  3.38 MBytes  28.3 Mbits/sec  27/0          0      267K/102090 us
[ ID] Interval        Transfer    Bandwidth       Write/Err  Rtry    Cwnd/RTT
[  3] 25.00-26.00 sec  2.25 MBytes  18.9 Mbits/sec  18/0          0      267K/102226 us
[ ID] Interval        Transfer    Bandwidth       Write/Err  Rtry    Cwnd/RTT
[  3] 26.00-27.00 sec  3.38 MBytes  28.3 Mbits/sec  27/0          0      267K/89282 us
[ ID] Interval        Transfer    Bandwidth       Write/Err  Rtry    Cwnd/RTT
[  3] 27.00-28.00 sec  2.12 MBytes  17.8 Mbits/sec  17/0          0      271K/103425 us
[ ID] Interval        Transfer    Bandwidth       Write/Err  Rtry    Cwnd/RTT
[  3] 28.00-29.00 sec  3.38 MBytes  28.3 Mbits/sec  27/0          0      285K/103115 us
[ ID] Interval        Transfer    Bandwidth       Write/Err  Rtry    Cwnd/RTT
[  3] 29.00-30.00 sec  2.25 MBytes  18.9 Mbits/sec  18/0          0      305K/107734 us
[ ID] Interval        Transfer    Bandwidth       Write/Err  Rtry    Cwnd/RTT
[  3] 0.00-30.23 sec  87.5 MBytes  24.3 Mbits/sec  700/0         39      305K/107734 us
