------------------------------------------------------------
Client connecting to 10.0.0.4, TCP port 5001 with pid 36632
Write buffer size:  128 KByte
TCP window size: 85.3 KByte (default)
------------------------------------------------------------
[  3] local 10.0.0.2 port 57120 connected with 10.0.0.4 port 5001
[ ID] Interval        Transfer    Bandwidth       Write/Err  Rtry    Cwnd/RTT
[  3] 0.00-1.00 sec  4.12 MBytes  34.6 Mbits/sec  33/0        112      197K/66547 us
[ ID] Interval        Transfer    Bandwidth       Write/Err  Rtry    Cwnd/RTT
[  3] 1.00-2.00 sec  2.38 MBytes  19.9 Mbits/sec  19/0          0      216K/70659 us
[ ID] Interval        Transfer    Bandwidth       Write/Err  Rtry    Cwnd/RTT
[  3] 2.00-3.00 sec  3.25 MBytes  27.3 Mbits/sec  26/0          0      227K/73072 us
[ ID] Interval        Transfer    Bandwidth       Write/Err  Rtry    Cwnd/RTT
[  3] 3.00-4.00 sec  3.25 MBytes  27.3 Mbits/sec  26/0          0      231K/87250 us
[ ID] Interval        Transfer    Bandwidth       Write/Err  Rtry    Cwnd/RTT
[  3] 4.00-5.00 sec  2.38 MBytes  19.9 Mbits/sec  19/0          0      231K/87683 us
[ ID] Interval        Transfer    Bandwidth       Write/Err  Rtry    Cwnd/RTT
[  3] 5.00-6.00 sec  2.38 MBytes  19.9 Mbits/sec  19/0          0      238K/88382 us
[ ID] Interval        Transfer    Bandwidth       Write/Err  Rtry    Cwnd/RTT
[  3] 6.00-7.00 sec  3.25 MBytes  27.3 Mbits/sec  26/0          0      250K/90504 us
[ ID] Interval        Transfer    Bandwidth       Write/Err  Rtry    Cwnd/RTT
[  3] 7.00-8.00 sec  2.50 MBytes  21.0 Mbits/sec  20/0          0      257K/91548 us
[ ID] Interval        Transfer    Bandwidth       Write/Err  Rtry    Cwnd/RTT
[  3] 8.00-9.00 sec  2.38 MBytes  19.9 Mbits/sec  19/0          8      199K/73892 us
[ ID] Interval        Transfer    Bandwidth       Write/Err  Rtry    Cwnd/RTT
[  3] 9.00-10.00 sec  2.38 MBytes  19.9 Mbits/sec  19/0          0      229K/84800 us
[ ID] Interval        Transfer    Bandwidth       Write/Err  Rtry    Cwnd/RTT
[  3] 10.00-11.00 sec  3.25 MBytes  27.3 Mbits/sec  26/0          0      250K/88716 us
[ ID] Interval        Transfer    Bandwidth       Write/Err  Rtry    Cwnd/RTT
[  3] 11.00-12.00 sec  3.25 MBytes  27.3 Mbits/sec  26/0          0      258K/90149 us
[ ID] Interval        Transfer    Bandwidth       Write/Err  Rtry    Cwnd/RTT
[  3] 12.00-13.00 sec  2.50 MBytes  21.0 Mbits/sec  20/0          0      260K/90681 us
[ ID] Interval        Transfer    Bandwidth       Write/Err  Rtry    Cwnd/RTT
[  3] 13.00-14.00 sec  2.38 MBytes  19.9 Mbits/sec  19/0          6      186K/79720 us
[ ID] Interval        Transfer    Bandwidth       Write/Err  Rtry    Cwnd/RTT
[  3] 14.00-15.00 sec  2.38 MBytes  19.9 Mbits/sec  19/0          0      222K/83695 us
[ ID] Interval        Transfer    Bandwidth       Write/Err  Rtry    Cwnd/RTT
[  3] 15.00-16.00 sec  3.25 MBytes  27.3 Mbits/sec  26/0          0      247K/60834 us
[ ID] Interval        Transfer    Bandwidth       Write/Err  Rtry    Cwnd/RTT
[  3] 16.00-17.00 sec  3.25 MBytes  27.3 Mbits/sec  26/0          0      257K/90146 us
[ ID] Interval        Transfer    Bandwidth       Write/Err  Rtry    Cwnd/RTT
[  3] 17.00-18.00 sec  2.38 MBytes  19.9 Mbits/sec  19/0          0      260K/90690 us
[ ID] Interval        Transfer    Bandwidth       Write/Err  Rtry    Cwnd/RTT
[  3] 18.00-19.00 sec  2.50 MBytes  21.0 Mbits/sec  20/0          2      200K/72772 us
[ ID] Interval        Transfer    Bandwidth       Write/Err  Rtry    Cwnd/RTT
[  3] 19.00-20.00 sec  3.25 MBytes  27.3 Mbits/sec  26/0          0      236K/86200 us
[ ID] Interval        Transfer    Bandwidth       Write/Err  Rtry    Cwnd/RTT
[  3] 20.00-21.00 sec  2.38 MBytes  19.9 Mbits/sec  19/0          0      251K/84038 us
[ ID] Interval        Transfer    Bandwidth       Write/Err  Rtry    Cwnd/RTT
[  3] 21.00-22.00 sec  3.25 MBytes  27.3 Mbits/sec  26/0          0      258K/90367 us
[ ID] Interval        Transfer    Bandwidth       Write/Err  Rtry    Cwnd/RTT
[  3] 22.00-23.00 sec  2.38 MBytes  19.9 Mbits/sec  19/0          0      260K/90690 us
[ ID] Interval        Transfer    Bandwidth       Write/Err  Rtry    Cwnd/RTT
[  3] 23.00-24.00 sec  3.25 MBytes  27.3 Mbits/sec  26/0          0      260K/90602 us
[ ID] Interval        Transfer    Bandwidth       Write/Err  Rtry    Cwnd/RTT
[  3] 24.00-25.00 sec  2.50 MBytes  21.0 Mbits/sec  20/0          4      207K/76314 us
[ ID] Interval        Transfer    Bandwidth       Write/Err  Rtry    Cwnd/RTT
[  3] 25.00-26.00 sec  2.38 MBytes  19.9 Mbits/sec  19/0          0      233K/85778 us
[ ID] Interval        Transfer    Bandwidth       Write/Err  Rtry    Cwnd/RTT
[  3] 26.00-27.00 sec  3.25 MBytes  27.3 Mbits/sec  26/0          0      251K/89240 us
[ ID] Interval        Transfer    Bandwidth       Write/Err  Rtry    Cwnd/RTT
[  3] 27.00-28.00 sec  2.38 MBytes  19.9 Mbits/sec  19/0          0      258K/90161 us
[ ID] Interval        Transfer    Bandwidth       Write/Err  Rtry    Cwnd/RTT
[  3] 28.00-29.00 sec  3.25 MBytes  27.3 Mbits/sec  26/0          0      260K/90670 us
[ ID] Interval        Transfer    Bandwidth       Write/Err  Rtry    Cwnd/RTT
[  3] 29.00-30.00 sec  2.38 MBytes  19.9 Mbits/sec  19/0          2      200K/72849 us
[ ID] Interval        Transfer    Bandwidth       Write/Err  Rtry    Cwnd/RTT
[  3] 0.00-30.10 sec  84.0 MBytes  23.4 Mbits/sec  672/0        134      200K/72849 us
