------------------------------------------------------------
Client connecting to 10.0.0.4, TCP port 5001 with pid 35646
Write buffer size:  128 KByte
TCP window size: 85.3 KByte (default)
------------------------------------------------------------
[  3] local 10.0.0.2 port 57114 connected with 10.0.0.4 port 5001
[ ID] Interval        Transfer    Bandwidth       Write/Err  Rtry    Cwnd/RTT
[  3] 0.00-1.00 sec  3.12 MBytes  26.2 Mbits/sec  25/0          4      258K/98527 us
[ ID] Interval        Transfer    Bandwidth       Write/Err  Rtry    Cwnd/RTT
[  3] 1.00-2.00 sec  3.75 MBytes  31.5 Mbits/sec  30/0          5      250K/70764 us
[ ID] Interval        Transfer    Bandwidth       Write/Err  Rtry    Cwnd/RTT
[  3] 2.00-3.00 sec  3.75 MBytes  31.5 Mbits/sec  30/0          0      278K/77566 us
[ ID] Interval        Transfer    Bandwidth       Write/Err  Rtry    Cwnd/RTT
[  3] 3.00-4.00 sec  3.12 MBytes  26.2 Mbits/sec  25/0          0      292K/80084 us
[ ID] Interval        Transfer    Bandwidth       Write/Err  Rtry    Cwnd/RTT
[  3] 4.00-5.00 sec  3.62 MBytes  30.4 Mbits/sec  29/0          0      298K/82616 us
[ ID] Interval        Transfer    Bandwidth       Write/Err  Rtry    Cwnd/RTT
[  3] 5.00-6.00 sec  3.12 MBytes  26.2 Mbits/sec  25/0          0      299K/83929 us
[ ID] Interval        Transfer    Bandwidth       Write/Err  Rtry    Cwnd/RTT
[  3] 6.00-7.00 sec  3.75 MBytes  31.5 Mbits/sec  30/0          0      299K/85805 us
[ ID] Interval        Transfer    Bandwidth       Write/Err  Rtry    Cwnd/RTT
[  3] 7.00-8.00 sec  3.12 MBytes  26.2 Mbits/sec  25/0          0      301K/87616 us
[ ID] Interval        Transfer    Bandwidth       Write/Err  Rtry    Cwnd/RTT
[  3] 8.00-9.00 sec  3.75 MBytes  31.5 Mbits/sec  30/0          0      309K/89972 us
[ ID] Interval        Transfer    Bandwidth       Write/Err  Rtry    Cwnd/RTT
[  3] 9.00-10.00 sec  3.12 MBytes  26.2 Mbits/sec  25/0          0      322K/96979 us
[ ID] Interval        Transfer    Bandwidth       Write/Err  Rtry    Cwnd/RTT
[  3] 10.00-11.00 sec  3.38 MBytes  28.3 Mbits/sec  27/0          2      265K/79812 us
[ ID] Interval        Transfer    Bandwidth       Write/Err  Rtry    Cwnd/RTT
[  3] 11.00-12.00 sec  3.38 MBytes  28.3 Mbits/sec  27/0          0      296K/90379 us
[ ID] Interval        Transfer    Bandwidth       Write/Err  Rtry    Cwnd/RTT
[  3] 12.00-13.00 sec  2.75 MBytes  23.1 Mbits/sec  22/0          0      312K/95080 us
[ ID] Interval        Transfer    Bandwidth       Write/Err  Rtry    Cwnd/RTT
[  3] 13.00-14.00 sec  3.50 MBytes  29.4 Mbits/sec  28/0          2      230K/69822 us
[ ID] Interval        Transfer    Bandwidth       Write/Err  Rtry    Cwnd/RTT
[  3] 14.00-15.00 sec  3.38 MBytes  28.3 Mbits/sec  27/0          0      254K/77733 us
[ ID] Interval        Transfer    Bandwidth       Write/Err  Rtry    Cwnd/RTT
[  3] 15.00-16.00 sec  2.75 MBytes  23.1 Mbits/sec  22/0          0      265K/81490 us
[ ID] Interval        Transfer    Bandwidth       Write/Err  Rtry    Cwnd/RTT
[  3] 16.00-17.00 sec  3.38 MBytes  28.3 Mbits/sec  27/0          0      271K/82875 us
[ ID] Interval        Transfer    Bandwidth       Write/Err  Rtry    Cwnd/RTT
[  3] 17.00-18.00 sec  3.50 MBytes  29.4 Mbits/sec  28/0          0      271K/83047 us
[ ID] Interval        Transfer    Bandwidth       Write/Err  Rtry    Cwnd/RTT
[  3] 18.00-19.00 sec  2.62 MBytes  22.0 Mbits/sec  21/0          0      271K/84518 us
[ ID] Interval        Transfer    Bandwidth       Write/Err  Rtry    Cwnd/RTT
[  3] 19.00-20.00 sec  3.50 MBytes  29.4 Mbits/sec  28/0          0      279K/87612 us
[ ID] Interval        Transfer    Bandwidth       Write/Err  Rtry    Cwnd/RTT
[  3] 20.00-21.00 sec  2.75 MBytes  23.1 Mbits/sec  22/0          0      288K/90220 us
[ ID] Interval        Transfer    Bandwidth       Write/Err  Rtry    Cwnd/RTT
[  3] 21.00-22.00 sec  3.38 MBytes  28.3 Mbits/sec  27/0          0      304K/94895 us
[ ID] Interval        Transfer    Bandwidth       Write/Err  Rtry    Cwnd/RTT
[  3] 22.00-23.00 sec  2.75 MBytes  23.1 Mbits/sec  22/0          2      238K/74080 us
[ ID] Interval        Transfer    Bandwidth       Write/Err  Rtry    Cwnd/RTT
[  3] 23.00-24.00 sec  3.50 MBytes  29.4 Mbits/sec  28/0          0      277K/87219 us
[ ID] Interval        Transfer    Bandwidth       Write/Err  Rtry    Cwnd/RTT
[  3] 24.00-25.00 sec  2.75 MBytes  23.1 Mbits/sec  22/0          0      296K/93208 us
[ ID] Interval        Transfer    Bandwidth       Write/Err  Rtry    Cwnd/RTT
[  3] 25.00-26.00 sec  3.38 MBytes  28.3 Mbits/sec  27/0          0      309K/83705 us
[ ID] Interval        Transfer    Bandwidth       Write/Err  Rtry    Cwnd/RTT
[  3] 26.00-27.00 sec  3.38 MBytes  28.3 Mbits/sec  27/0          0      312K/88927 us
[ ID] Interval        Transfer    Bandwidth       Write/Err  Rtry    Cwnd/RTT
[  3] 27.00-28.00 sec  3.50 MBytes  29.4 Mbits/sec  28/0          0      312K/90859 us
[ ID] Interval        Transfer    Bandwidth       Write/Err  Rtry    Cwnd/RTT
[  3] 28.00-29.00 sec  3.38 MBytes  28.3 Mbits/sec  27/0          0      312K/91348 us
[ ID] Interval        Transfer    Bandwidth       Write/Err  Rtry    Cwnd/RTT
[  3] 29.00-30.00 sec  3.38 MBytes  28.3 Mbits/sec  27/0          0      316K/92075 us
[ ID] Interval        Transfer    Bandwidth       Write/Err  Rtry    Cwnd/RTT
[  3] 0.00-30.15 sec  98.5 MBytes  27.4 Mbits/sec  788/0         15      316K/92075 us
