------------------------------------------------------------
Client connecting to 10.0.0.6, TCP port 5000 with pid 33468
Write buffer size:  128 KByte
TCP window size: 85.3 KByte (default)
------------------------------------------------------------
[  3] local 10.0.0.1 port 44404 connected with 10.0.0.6 port 5000
[ ID] Interval        Transfer    Bandwidth       Write/Err  Rtry    Cwnd/RTT
[  3] 0.00-1.00 sec  3.38 MBytes  28.3 Mbits/sec  27/0          0      330K/124477 us
[ ID] Interval        Transfer    Bandwidth       Write/Err  Rtry    Cwnd/RTT
[  3] 1.00-2.00 sec  3.00 MBytes  25.2 Mbits/sec  24/0          0      330K/105854 us
[ ID] Interval        Transfer    Bandwidth       Write/Err  Rtry    Cwnd/RTT
[  3] 2.00-3.00 sec  2.25 MBytes  18.9 Mbits/sec  18/0          0      364K/119028 us
[ ID] Interval        Transfer    Bandwidth       Write/Err  Rtry    Cwnd/RTT
[  3] 3.00-4.00 sec  3.00 MBytes  25.2 Mbits/sec  24/0          0      330K/107325 us
[ ID] Interval        Transfer    Bandwidth       Write/Err  Rtry    Cwnd/RTT
[  3] 4.00-5.00 sec  2.25 MBytes  18.9 Mbits/sec  18/0          0      330K/125078 us
[ ID] Interval        Transfer    Bandwidth       Write/Err  Rtry    Cwnd/RTT
[  3] 5.00-6.00 sec  2.25 MBytes  18.9 Mbits/sec  18/0          0      364K/112928 us
[ ID] Interval        Transfer    Bandwidth       Write/Err  Rtry    Cwnd/RTT
[  3] 6.00-7.00 sec  2.88 MBytes  24.1 Mbits/sec  23/0          0      364K/105327 us
[ ID] Interval        Transfer    Bandwidth       Write/Err  Rtry    Cwnd/RTT
[  3] 7.00-8.00 sec  2.25 MBytes  18.9 Mbits/sec  18/0          0      298K/105795 us
[ ID] Interval        Transfer    Bandwidth       Write/Err  Rtry    Cwnd/RTT
[  3] 8.00-9.00 sec  2.25 MBytes  18.9 Mbits/sec  18/0          0      364K/113069 us
[ ID] Interval        Transfer    Bandwidth       Write/Err  Rtry    Cwnd/RTT
[  3] 9.00-10.00 sec  2.25 MBytes  18.9 Mbits/sec  18/0          0      231K/120588 us
[ ID] Interval        Transfer    Bandwidth       Write/Err  Rtry    Cwnd/RTT
[  3] 10.00-11.00 sec  3.00 MBytes  25.2 Mbits/sec  24/0          0      330K/125907 us
[ ID] Interval        Transfer    Bandwidth       Write/Err  Rtry    Cwnd/RTT
[  3] 11.00-12.00 sec  2.25 MBytes  18.9 Mbits/sec  18/0          0      298K/109641 us
[ ID] Interval        Transfer    Bandwidth       Write/Err  Rtry    Cwnd/RTT
[  3] 12.00-13.00 sec  3.00 MBytes  25.2 Mbits/sec  24/0          0      364K/122554 us
[ ID] Interval        Transfer    Bandwidth       Write/Err  Rtry    Cwnd/RTT
[  3] 13.00-14.00 sec  2.25 MBytes  18.9 Mbits/sec  18/0          0      330K/101452 us
[ ID] Interval        Transfer    Bandwidth       Write/Err  Rtry    Cwnd/RTT
[  3] 14.00-15.00 sec  2.25 MBytes  18.9 Mbits/sec  18/0          0      364K/97872 us
[ ID] Interval        Transfer    Bandwidth       Write/Err  Rtry    Cwnd/RTT
[  3] 15.00-16.00 sec  2.12 MBytes  17.8 Mbits/sec  17/0          0      364K/123548 us
[ ID] Interval        Transfer    Bandwidth       Write/Err  Rtry    Cwnd/RTT
[  3] 16.00-17.00 sec  3.00 MBytes  25.2 Mbits/sec  24/0          0      364K/116315 us
[ ID] Interval        Transfer    Bandwidth       Write/Err  Rtry    Cwnd/RTT
[  3] 17.00-18.00 sec  2.25 MBytes  18.9 Mbits/sec  18/0          0      364K/118254 us
[ ID] Interval        Transfer    Bandwidth       Write/Err  Rtry    Cwnd/RTT
[  3] 18.00-19.00 sec  2.25 MBytes  18.9 Mbits/sec  18/0          0      364K/121484 us
[ ID] Interval        Transfer    Bandwidth       Write/Err  Rtry    Cwnd/RTT
[  3] 19.00-20.00 sec  3.00 MBytes  25.2 Mbits/sec  24/0          0      364K/112269 us
[ ID] Interval        Transfer    Bandwidth       Write/Err  Rtry    Cwnd/RTT
[  3] 20.00-21.00 sec  2.25 MBytes  18.9 Mbits/sec  18/0          0      330K/121143 us
[ ID] Interval        Transfer    Bandwidth       Write/Err  Rtry    Cwnd/RTT
[  3] 21.00-22.00 sec  2.25 MBytes  18.9 Mbits/sec  18/0          0      364K/117080 us
[ ID] Interval        Transfer    Bandwidth       Write/Err  Rtry    Cwnd/RTT
[  3] 22.00-23.00 sec  2.25 MBytes  18.9 Mbits/sec  18/0          0      330K/117393 us
[ ID] Interval        Transfer    Bandwidth       Write/Err  Rtry    Cwnd/RTT
[  3] 23.00-24.00 sec  2.88 MBytes  24.1 Mbits/sec  23/0          0      298K/123741 us
[ ID] Interval        Transfer    Bandwidth       Write/Err  Rtry    Cwnd/RTT
[  3] 24.00-25.00 sec  2.25 MBytes  18.9 Mbits/sec  18/0          0      364K/125523 us
[ ID] Interval        Transfer    Bandwidth       Write/Err  Rtry    Cwnd/RTT
[  3] 25.00-26.00 sec  2.25 MBytes  18.9 Mbits/sec  18/0          0      298K/121823 us
[ ID] Interval        Transfer    Bandwidth       Write/Err  Rtry    Cwnd/RTT
[  3] 26.00-27.00 sec  3.00 MBytes  25.2 Mbits/sec  24/0          0      231K/132160 us
[ ID] Interval        Transfer    Bandwidth       Write/Err  Rtry    Cwnd/RTT
[  3] 27.00-28.00 sec  2.25 MBytes  18.9 Mbits/sec  18/0          0      330K/125276 us
[ ID] Interval        Transfer    Bandwidth       Write/Err  Rtry    Cwnd/RTT
[  3] 28.00-29.00 sec  2.25 MBytes  18.9 Mbits/sec  18/0          0      231K/127605 us
[ ID] Interval        Transfer    Bandwidth       Write/Err  Rtry    Cwnd/RTT
[  3] 29.00-30.00 sec  2.25 MBytes  18.9 Mbits/sec  18/0          0      264K/107965 us
[ ID] Interval        Transfer    Bandwidth       Write/Err  Rtry    Cwnd/RTT
[  3] 0.00-30.20 sec  75.0 MBytes  20.8 Mbits/sec  600/0          0      264K/107965 us
