------------------------------------------------------------
Client connecting to 10.0.0.5, TCP port 5002 with pid 35695
Write buffer size:  128 KByte
TCP window size: 85.3 KByte (default)
------------------------------------------------------------
[  3] local 10.0.0.4 port 41570 connected with 10.0.0.5 port 5002
[ ID] Interval        Transfer    Bandwidth       Write/Err  Rtry    Cwnd/RTT
[  3] 0.00-1.00 sec  4.12 MBytes  34.6 Mbits/sec  33/0          0      330K/117111 us
[ ID] Interval        Transfer    Bandwidth       Write/Err  Rtry    Cwnd/RTT
[  3] 1.00-2.00 sec  2.25 MBytes  18.9 Mbits/sec  18/0          0      298K/116380 us
[ ID] Interval        Transfer    Bandwidth       Write/Err  Rtry    Cwnd/RTT
[  3] 2.00-3.00 sec  3.00 MBytes  25.2 Mbits/sec  24/0          0      231K/114955 us
[ ID] Interval        Transfer    Bandwidth       Write/Err  Rtry    Cwnd/RTT
[  3] 3.00-4.00 sec  2.25 MBytes  18.9 Mbits/sec  18/0          0      298K/115953 us
[ ID] Interval        Transfer    Bandwidth       Write/Err  Rtry    Cwnd/RTT
[  3] 4.00-5.00 sec  2.25 MBytes  18.9 Mbits/sec  18/0          0      330K/114858 us
[ ID] Interval        Transfer    Bandwidth       Write/Err  Rtry    Cwnd/RTT
[  3] 5.00-6.00 sec  3.00 MBytes  25.2 Mbits/sec  24/0         31      231K/109984 us
[ ID] Interval        Transfer    Bandwidth       Write/Err  Rtry    Cwnd/RTT
[  3] 6.00-7.00 sec  2.12 MBytes  17.8 Mbits/sec  17/0         40      264K/118152 us
[ ID] Interval        Transfer    Bandwidth       Write/Err  Rtry    Cwnd/RTT
[  3] 7.00-8.00 sec  2.50 MBytes  21.0 Mbits/sec  20/0         55      264K/121513 us
[ ID] Interval        Transfer    Bandwidth       Write/Err  Rtry    Cwnd/RTT
[  3] 8.00-9.00 sec  2.00 MBytes  16.8 Mbits/sec  16/0         37      330K/127470 us
[ ID] Interval        Transfer    Bandwidth       Write/Err  Rtry    Cwnd/RTT
[  3] 9.00-10.00 sec  2.50 MBytes  21.0 Mbits/sec  20/0         12      364K/116062 us
[ ID] Interval        Transfer    Bandwidth       Write/Err  Rtry    Cwnd/RTT
[  3] 10.00-11.00 sec  3.62 MBytes  30.4 Mbits/sec  29/0         11      298K/100140 us
[ ID] Interval        Transfer    Bandwidth       Write/Err  Rtry    Cwnd/RTT
[  3] 11.00-12.00 sec  3.00 MBytes  25.2 Mbits/sec  24/0          0      231K/102196 us
[ ID] Interval        Transfer    Bandwidth       Write/Err  Rtry    Cwnd/RTT
[  3] 12.00-13.00 sec  2.25 MBytes  18.9 Mbits/sec  18/0          0      298K/104494 us
[ ID] Interval        Transfer    Bandwidth       Write/Err  Rtry    Cwnd/RTT
[  3] 13.00-14.00 sec  2.25 MBytes  18.9 Mbits/sec  18/0          0      364K/117517 us
[ ID] Interval        Transfer    Bandwidth       Write/Err  Rtry    Cwnd/RTT
[  3] 14.00-15.00 sec  3.00 MBytes  25.2 Mbits/sec  24/0          0      330K/114093 us
[ ID] Interval        Transfer    Bandwidth       Write/Err  Rtry    Cwnd/RTT
[  3] 15.00-16.00 sec  2.25 MBytes  18.9 Mbits/sec  18/0         45      364K/120950 us
[ ID] Interval        Transfer    Bandwidth       Write/Err  Rtry    Cwnd/RTT
[  3] 16.00-17.00 sec  2.50 MBytes  21.0 Mbits/sec  20/0         12      364K/112654 us
[ ID] Interval        Transfer    Bandwidth       Write/Err  Rtry    Cwnd/RTT
[  3] 17.00-18.00 sec  2.25 MBytes  18.9 Mbits/sec  18/0         24      231K/112077 us
[ ID] Interval        Transfer    Bandwidth       Write/Err  Rtry    Cwnd/RTT
[  3] 18.00-19.00 sec  2.62 MBytes  22.0 Mbits/sec  21/0          9      231K/121979 us
[ ID] Interval        Transfer    Bandwidth       Write/Err  Rtry    Cwnd/RTT
[  3] 19.00-20.00 sec  2.25 MBytes  18.9 Mbits/sec  18/0          0      264K/110214 us
[ ID] Interval        Transfer    Bandwidth       Write/Err  Rtry    Cwnd/RTT
[  3] 20.00-21.00 sec  3.75 MBytes  31.5 Mbits/sec  30/0          0      330K/63636 us
[ ID] Interval        Transfer    Bandwidth       Write/Err  Rtry    Cwnd/RTT
[  3] 21.00-22.00 sec  3.00 MBytes  25.2 Mbits/sec  24/0          0      330K/104064 us
[ ID] Interval        Transfer    Bandwidth       Write/Err  Rtry    Cwnd/RTT
[  3] 22.00-23.00 sec  2.12 MBytes  17.8 Mbits/sec  17/0          0      264K/99834 us
[ ID] Interval        Transfer    Bandwidth       Write/Err  Rtry    Cwnd/RTT
[  3] 23.00-24.00 sec  3.00 MBytes  25.2 Mbits/sec  24/0         78      264K/115723 us
[ ID] Interval        Transfer    Bandwidth       Write/Err  Rtry    Cwnd/RTT
[  3] 24.00-25.00 sec  2.50 MBytes  21.0 Mbits/sec  20/0         52      330K/112023 us
[ ID] Interval        Transfer    Bandwidth       Write/Err  Rtry    Cwnd/RTT
[  3] 25.00-26.00 sec  2.25 MBytes  18.9 Mbits/sec  18/0         33      330K/111669 us
[ ID] Interval        Transfer    Bandwidth       Write/Err  Rtry    Cwnd/RTT
[  3] 26.00-27.00 sec  2.38 MBytes  19.9 Mbits/sec  19/0        137      231K/111070 us
[ ID] Interval        Transfer    Bandwidth       Write/Err  Rtry    Cwnd/RTT
[  3] 27.00-28.00 sec  2.25 MBytes  18.9 Mbits/sec  18/0         94      364K/109873 us
[ ID] Interval        Transfer    Bandwidth       Write/Err  Rtry    Cwnd/RTT
[  3] 28.00-29.00 sec  2.50 MBytes  21.0 Mbits/sec  20/0         48      364K/100731 us
[ ID] Interval        Transfer    Bandwidth       Write/Err  Rtry    Cwnd/RTT
[  3] 29.00-30.00 sec  3.00 MBytes  25.2 Mbits/sec  24/0         98      364K/119887 us
[ ID] Interval        Transfer    Bandwidth       Write/Err  Rtry    Cwnd/RTT
[  3] 0.00-30.37 sec  78.8 MBytes  21.7 Mbits/sec  630/0        816      364K/119887 us
