------------------------------------------------------------
Client connecting to 10.0.0.3, TCP port 5001 with pid 35694
Write buffer size:  128 KByte
TCP window size: 85.3 KByte (default)
------------------------------------------------------------
[  3] local 10.0.0.2 port 53894 connected with 10.0.0.3 port 5001
[ ID] Interval        Transfer    Bandwidth       Write/Err  Rtry    Cwnd/RTT
[  3] 0.00-1.00 sec  4.00 MBytes  33.6 Mbits/sec  32/0         53      205K/100286 us
[ ID] Interval        Transfer    Bandwidth       Write/Err  Rtry    Cwnd/RTT
[  3] 1.00-2.00 sec  2.50 MBytes  21.0 Mbits/sec  20/0          0      224K/89567 us
[ ID] Interval        Transfer    Bandwidth       Write/Err  Rtry    Cwnd/RTT
[  3] 2.00-3.00 sec  2.38 MBytes  19.9 Mbits/sec  19/0          0      234K/91725 us
[ ID] Interval        Transfer    Bandwidth       Write/Err  Rtry    Cwnd/RTT
[  3] 3.00-4.00 sec  2.50 MBytes  21.0 Mbits/sec  20/0          4      179K/68033 us
[ ID] Interval        Transfer    Bandwidth       Write/Err  Rtry    Cwnd/RTT
[  3] 4.00-5.00 sec  2.38 MBytes  19.9 Mbits/sec  19/0          0      193K/83640 us
[ ID] Interval        Transfer    Bandwidth       Write/Err  Rtry    Cwnd/RTT
[  3] 5.00-6.00 sec  2.50 MBytes  21.0 Mbits/sec  20/0          0      199K/83455 us
[ ID] Interval        Transfer    Bandwidth       Write/Err  Rtry    Cwnd/RTT
[  3] 6.00-7.00 sec  2.38 MBytes  19.9 Mbits/sec  19/0          0      199K/90427 us
[ ID] Interval        Transfer    Bandwidth       Write/Err  Rtry    Cwnd/RTT
[  3] 7.00-8.00 sec  2.50 MBytes  21.0 Mbits/sec  20/0          0      207K/86707 us
[ ID] Interval        Transfer    Bandwidth       Write/Err  Rtry    Cwnd/RTT
[  3] 8.00-9.00 sec  1.50 MBytes  12.6 Mbits/sec  12/0          0      214K/82121 us
[ ID] Interval        Transfer    Bandwidth       Write/Err  Rtry    Cwnd/RTT
[  3] 9.00-10.00 sec  3.25 MBytes  27.3 Mbits/sec  26/0          0      224K/80968 us
[ ID] Interval        Transfer    Bandwidth       Write/Err  Rtry    Cwnd/RTT
[  3] 10.00-11.00 sec  2.50 MBytes  21.0 Mbits/sec  20/0          0      233K/91501 us
[ ID] Interval        Transfer    Bandwidth       Write/Err  Rtry    Cwnd/RTT
[  3] 11.00-12.00 sec  2.38 MBytes  19.9 Mbits/sec  19/0          0      251K/92843 us
[ ID] Interval        Transfer    Bandwidth       Write/Err  Rtry    Cwnd/RTT
[  3] 12.00-13.00 sec  2.50 MBytes  21.0 Mbits/sec  20/0         16      209K/79310 us
[ ID] Interval        Transfer    Bandwidth       Write/Err  Rtry    Cwnd/RTT
[  3] 13.00-14.00 sec  2.50 MBytes  21.0 Mbits/sec  20/0          6      166K/66080 us
[ ID] Interval        Transfer    Bandwidth       Write/Err  Rtry    Cwnd/RTT
[  3] 14.00-15.00 sec  2.38 MBytes  19.9 Mbits/sec  19/0          0      185K/70626 us
[ ID] Interval        Transfer    Bandwidth       Write/Err  Rtry    Cwnd/RTT
[  3] 15.00-16.00 sec  2.50 MBytes  21.0 Mbits/sec  20/0          0      193K/77829 us
[ ID] Interval        Transfer    Bandwidth       Write/Err  Rtry    Cwnd/RTT
[  3] 16.00-17.00 sec  2.38 MBytes  19.9 Mbits/sec  19/0          0      195K/80019 us
[ ID] Interval        Transfer    Bandwidth       Write/Err  Rtry    Cwnd/RTT
[  3] 17.00-18.00 sec  2.38 MBytes  19.9 Mbits/sec  19/0          0      202K/79008 us
[ ID] Interval        Transfer    Bandwidth       Write/Err  Rtry    Cwnd/RTT
[  3] 18.00-19.00 sec  2.50 MBytes  21.0 Mbits/sec  20/0          0      210K/81586 us
[ ID] Interval        Transfer    Bandwidth       Write/Err  Rtry    Cwnd/RTT
[  3] 19.00-20.00 sec  3.25 MBytes  27.3 Mbits/sec  26/0          0      222K/92499 us
[ ID] Interval        Transfer    Bandwidth       Write/Err  Rtry    Cwnd/RTT
[  3] 20.00-21.00 sec  2.38 MBytes  19.9 Mbits/sec  19/0          0      230K/60321 us
[ ID] Interval        Transfer    Bandwidth       Write/Err  Rtry    Cwnd/RTT
[  3] 21.00-22.00 sec  3.25 MBytes  27.3 Mbits/sec  26/0          0      246K/88498 us
[ ID] Interval        Transfer    Bandwidth       Write/Err  Rtry    Cwnd/RTT
[  3] 22.00-23.00 sec  2.38 MBytes  19.9 Mbits/sec  19/0         15      195K/70002 us
[ ID] Interval        Transfer    Bandwidth       Write/Err  Rtry    Cwnd/RTT
[  3] 23.00-24.00 sec  2.50 MBytes  21.0 Mbits/sec  20/0          6      158K/63601 us
[ ID] Interval        Transfer    Bandwidth       Write/Err  Rtry    Cwnd/RTT
[  3] 24.00-25.00 sec  2.38 MBytes  19.9 Mbits/sec  19/0          0      178K/71617 us
[ ID] Interval        Transfer    Bandwidth       Write/Err  Rtry    Cwnd/RTT
[  3] 25.00-26.00 sec  2.38 MBytes  19.9 Mbits/sec  19/0          0      186K/83201 us
[ ID] Interval        Transfer    Bandwidth       Write/Err  Rtry    Cwnd/RTT
[  3] 26.00-27.00 sec  1.62 MBytes  13.6 Mbits/sec  13/0          0      188K/81438 us
[ ID] Interval        Transfer    Bandwidth       Write/Err  Rtry    Cwnd/RTT
[  3] 27.00-28.00 sec  2.50 MBytes  21.0 Mbits/sec  20/0          0      192K/81114 us
[ ID] Interval        Transfer    Bandwidth       Write/Err  Rtry    Cwnd/RTT
[  3] 28.00-29.00 sec  2.38 MBytes  19.9 Mbits/sec  19/0          0      202K/85380 us
[ ID] Interval        Transfer    Bandwidth       Write/Err  Rtry    Cwnd/RTT
[  3] 29.00-30.00 sec  2.50 MBytes  21.0 Mbits/sec  20/0          0      212K/82431 us
[ ID] Interval        Transfer    Bandwidth       Write/Err  Rtry    Cwnd/RTT
[  3] 0.00-30.10 sec  75.4 MBytes  21.0 Mbits/sec  603/0        100      212K/82431 us
