------------------------------------------------------------
Client connecting to 10.0.0.3, TCP port 5001 with pid 34634
Write buffer size:  128 KByte
TCP window size:  128 KByte (default)
------------------------------------------------------------
[  3] local 10.0.0.2 port 53890 connected with 10.0.0.3 port 5001
[ ID] Interval        Transfer    Bandwidth       Write/Err  Rtry    Cwnd/RTT
[  3] 0.00-1.00 sec  9.61 MBytes  80.6 Mbits/sec  77/0         58      557K/161923 us
[ ID] Interval        Transfer    Bandwidth       Write/Err  Rtry    Cwnd/RTT
[  3] 1.00-2.00 sec  2.05 MBytes  17.2 Mbits/sec  17/0         73      610K/97812 us
[ ID] Interval        Transfer    Bandwidth       Write/Err  Rtry    Cwnd/RTT
[  3] 2.00-3.00 sec  3.91 MBytes  32.8 Mbits/sec  32/0        150      462K/95001 us
[ ID] Interval        Transfer    Bandwidth       Write/Err  Rtry    Cwnd/RTT
[  3] 3.00-4.00 sec  4.41 MBytes  37.0 Mbits/sec  36/0         47      537K/91051 us
[ ID] Interval        Transfer    Bandwidth       Write/Err  Rtry    Cwnd/RTT
[  3] 4.00-5.00 sec  4.10 MBytes  34.4 Mbits/sec  33/0         49      568K/100488 us
[ ID] Interval        Transfer    Bandwidth       Write/Err  Rtry    Cwnd/RTT
[  3] 5.00-6.00 sec  4.23 MBytes  35.4 Mbits/sec  34/0         71      571K/95289 us
[ ID] Interval        Transfer    Bandwidth       Write/Err  Rtry    Cwnd/RTT
[  3] 6.00-7.00 sec  4.29 MBytes  36.0 Mbits/sec  35/0         55      579K/96359 us
[ ID] Interval        Transfer    Bandwidth       Write/Err  Rtry    Cwnd/RTT
[  3] 7.00-8.00 sec  4.29 MBytes  36.0 Mbits/sec  35/0         37      596K/104571 us
[ ID] Interval        Transfer    Bandwidth       Write/Err  Rtry    Cwnd/RTT
[  3] 8.00-9.00 sec  4.41 MBytes  37.0 Mbits/sec  36/0         59      591K/109747 us
[ ID] Interval        Transfer    Bandwidth       Write/Err  Rtry    Cwnd/RTT
[  3] 9.00-10.00 sec  4.47 MBytes  37.5 Mbits/sec  36/0         54      463K/115423 us
[ ID] Interval        Transfer    Bandwidth       Write/Err  Rtry    Cwnd/RTT
[  3] 10.00-11.00 sec  3.23 MBytes  27.1 Mbits/sec  27/0         21      588K/84169 us
[ ID] Interval        Transfer    Bandwidth       Write/Err  Rtry    Cwnd/RTT
[  3] 11.00-12.00 sec  4.35 MBytes  36.5 Mbits/sec  35/0         45      593K/108125 us
[ ID] Interval        Transfer    Bandwidth       Write/Err  Rtry    Cwnd/RTT
[  3] 12.00-13.00 sec  4.47 MBytes  37.5 Mbits/sec  36/0         70      588K/104567 us
[ ID] Interval        Transfer    Bandwidth       Write/Err  Rtry    Cwnd/RTT
[  3] 13.00-14.00 sec  4.54 MBytes  38.1 Mbits/sec  37/0          6      452K/99788 us
[ ID] Interval        Transfer    Bandwidth       Write/Err  Rtry    Cwnd/RTT
[  3] 14.00-15.00 sec  4.47 MBytes  37.5 Mbits/sec  37/0         24      459K/100326 us
[ ID] Interval        Transfer    Bandwidth       Write/Err  Rtry    Cwnd/RTT
[  3] 15.00-16.00 sec  4.35 MBytes  36.5 Mbits/sec  36/0         41      497K/98230 us
[ ID] Interval        Transfer    Bandwidth       Write/Err  Rtry    Cwnd/RTT
[  3] 16.00-17.00 sec  4.97 MBytes  41.7 Mbits/sec  40/0         31      622K/98783 us
[ ID] Interval        Transfer    Bandwidth       Write/Err  Rtry    Cwnd/RTT
[  3] 17.00-18.00 sec  4.85 MBytes  40.7 Mbits/sec  40/0         45      622K/98464 us
[ ID] Interval        Transfer    Bandwidth       Write/Err  Rtry    Cwnd/RTT
[  3] 18.00-19.00 sec  4.85 MBytes  40.7 Mbits/sec  40/0         34      630K/98175 us
[ ID] Interval        Transfer    Bandwidth       Write/Err  Rtry    Cwnd/RTT
[  3] 19.00-20.00 sec  4.78 MBytes  40.1 Mbits/sec  39/0         34      644K/98425 us
[ ID] Interval        Transfer    Bandwidth       Write/Err  Rtry    Cwnd/RTT
[  3] 20.00-21.00 sec  3.98 MBytes  33.4 Mbits/sec  33/0         14      627K/78415 us
[ ID] Interval        Transfer    Bandwidth       Write/Err  Rtry    Cwnd/RTT
[  3] 21.00-22.00 sec  4.29 MBytes  36.0 Mbits/sec  35/0         42      627K/99702 us
[ ID] Interval        Transfer    Bandwidth       Write/Err  Rtry    Cwnd/RTT
[  3] 22.00-23.00 sec  2.36 MBytes  19.8 Mbits/sec  19/0         26      627K/98844 us
[ ID] Interval        Transfer    Bandwidth       Write/Err  Rtry    Cwnd/RTT
[  3] 23.00-24.00 sec  4.85 MBytes  40.7 Mbits/sec  40/0         41      627K/98892 us
[ ID] Interval        Transfer    Bandwidth       Write/Err  Rtry    Cwnd/RTT
[  3] 24.00-25.00 sec  4.85 MBytes  40.7 Mbits/sec  40/0         25      633K/99867 us
[ ID] Interval        Transfer    Bandwidth       Write/Err  Rtry    Cwnd/RTT
[  3] 25.00-26.00 sec  4.78 MBytes  40.1 Mbits/sec  39/0         27      616K/99669 us
[ ID] Interval        Transfer    Bandwidth       Write/Err  Rtry    Cwnd/RTT
[  3] 26.00-27.00 sec  4.85 MBytes  40.7 Mbits/sec  40/0         15      622K/97970 us
[ ID] Interval        Transfer    Bandwidth       Write/Err  Rtry    Cwnd/RTT
[  3] 27.00-28.00 sec  4.85 MBytes  40.7 Mbits/sec  40/0          6      625K/109441 us
[ ID] Interval        Transfer    Bandwidth       Write/Err  Rtry    Cwnd/RTT
[  3] 28.00-29.00 sec  4.85 MBytes  40.7 Mbits/sec  40/0         19      476K/99655 us
[ ID] Interval        Transfer    Bandwidth       Write/Err  Rtry    Cwnd/RTT
[  3] 29.00-30.00 sec  4.72 MBytes  39.6 Mbits/sec  38/0         10      479K/100341 us
[ ID] Interval        Transfer    Bandwidth       Write/Err  Rtry    Cwnd/RTT
[  3] 0.00-30.18 sec   135 MBytes  37.5 Mbits/sec  1102/0       1229      479K/100341 us
