------------------------------------------------------------
Client connecting to 10.0.0.5, TCP port 5002 with pid 34096
Write buffer size:  128 KByte
TCP window size: 85.3 KByte (default)
------------------------------------------------------------
[  3] local 10.0.0.4 port 41564 connected with 10.0.0.5 port 5002
[ ID] Interval        Transfer    Bandwidth       Write/Err  Rtry    Cwnd/RTT
[  3] 0.00-1.00 sec  4.50 MBytes  37.7 Mbits/sec  36/0        128      214K/74729 us
[ ID] Interval        Transfer    Bandwidth       Write/Err  Rtry    Cwnd/RTT
[  3] 1.00-2.00 sec  2.62 MBytes  22.0 Mbits/sec  21/0          0      234K/69465 us
[ ID] Interval        Transfer    Bandwidth       Write/Err  Rtry    Cwnd/RTT
[  3] 2.00-3.00 sec  3.50 MBytes  29.4 Mbits/sec  28/0          0      250K/72564 us
[ ID] Interval        Transfer    Bandwidth       Write/Err  Rtry    Cwnd/RTT
[  3] 3.00-4.00 sec  3.50 MBytes  29.4 Mbits/sec  28/0          0      257K/73864 us
[ ID] Interval        Transfer    Bandwidth       Write/Err  Rtry    Cwnd/RTT
[  3] 4.00-5.00 sec  3.50 MBytes  29.4 Mbits/sec  28/0          0      257K/74129 us
[ ID] Interval        Transfer    Bandwidth       Write/Err  Rtry    Cwnd/RTT
[  3] 5.00-6.00 sec  3.38 MBytes  28.3 Mbits/sec  27/0          0      263K/75046 us
[ ID] Interval        Transfer    Bandwidth       Write/Err  Rtry    Cwnd/RTT
[  3] 6.00-7.00 sec  3.50 MBytes  29.4 Mbits/sec  28/0          0      272K/77684 us
[ ID] Interval        Transfer    Bandwidth       Write/Err  Rtry    Cwnd/RTT
[  3] 7.00-8.00 sec  3.50 MBytes  29.4 Mbits/sec  28/0          0      282K/80515 us
[ ID] Interval        Transfer    Bandwidth       Write/Err  Rtry    Cwnd/RTT
[  3] 8.00-9.00 sec  3.50 MBytes  29.4 Mbits/sec  28/0          0      292K/82769 us
[ ID] Interval        Transfer    Bandwidth       Write/Err  Rtry    Cwnd/RTT
[  3] 9.00-10.00 sec  3.50 MBytes  29.4 Mbits/sec  28/0          0      318K/90081 us
[ ID] Interval        Transfer    Bandwidth       Write/Err  Rtry    Cwnd/RTT
[  3] 10.00-11.00 sec  2.62 MBytes  22.0 Mbits/sec  21/0          6      243K/96315 us
[ ID] Interval        Transfer    Bandwidth       Write/Err  Rtry    Cwnd/RTT
[  3] 11.00-12.00 sec  4.38 MBytes  36.7 Mbits/sec  35/0          0      292K/77348 us
[ ID] Interval        Transfer    Bandwidth       Write/Err  Rtry    Cwnd/RTT
[  3] 12.00-13.00 sec  3.38 MBytes  28.3 Mbits/sec  27/0          0      320K/82211 us
[ ID] Interval        Transfer    Bandwidth       Write/Err  Rtry    Cwnd/RTT
[  3] 13.00-14.00 sec  3.50 MBytes  29.4 Mbits/sec  28/0          0      337K/85617 us
[ ID] Interval        Transfer    Bandwidth       Write/Err  Rtry    Cwnd/RTT
[  3] 14.00-15.00 sec  4.38 MBytes  36.7 Mbits/sec  35/0          0      347K/87525 us
[ ID] Interval        Transfer    Bandwidth       Write/Err  Rtry    Cwnd/RTT
[  3] 15.00-16.00 sec  3.50 MBytes  29.4 Mbits/sec  28/0          0      349K/86998 us
[ ID] Interval        Transfer    Bandwidth       Write/Err  Rtry    Cwnd/RTT
[  3] 16.00-17.00 sec  4.38 MBytes  36.7 Mbits/sec  35/0          0      349K/86850 us
[ ID] Interval        Transfer    Bandwidth       Write/Err  Rtry    Cwnd/RTT
[  3] 17.00-18.00 sec  3.38 MBytes  28.3 Mbits/sec  27/0          0      349K/86552 us
[ ID] Interval        Transfer    Bandwidth       Write/Err  Rtry    Cwnd/RTT
[  3] 18.00-19.00 sec  4.38 MBytes  36.7 Mbits/sec  35/0          0      356K/88557 us
[ ID] Interval        Transfer    Bandwidth       Write/Err  Rtry    Cwnd/RTT
[  3] 19.00-20.00 sec  3.50 MBytes  29.4 Mbits/sec  28/0          0      369K/91355 us
[ ID] Interval        Transfer    Bandwidth       Write/Err  Rtry    Cwnd/RTT
[  3] 20.00-21.00 sec  4.38 MBytes  36.7 Mbits/sec  35/0          0      395K/98373 us
[ ID] Interval        Transfer    Bandwidth       Write/Err  Rtry    Cwnd/RTT
[  3] 21.00-22.00 sec  3.50 MBytes  29.4 Mbits/sec  28/0          0      429K/107748 us
[ ID] Interval        Transfer    Bandwidth       Write/Err  Rtry    Cwnd/RTT
[  3] 22.00-23.00 sec  3.50 MBytes  29.4 Mbits/sec  28/0         27      336K/78301 us
[ ID] Interval        Transfer    Bandwidth       Write/Err  Rtry    Cwnd/RTT
[  3] 23.00-24.00 sec  4.25 MBytes  35.7 Mbits/sec  34/0          0      383K/87022 us
[ ID] Interval        Transfer    Bandwidth       Write/Err  Rtry    Cwnd/RTT
[  3] 24.00-25.00 sec  4.38 MBytes  36.7 Mbits/sec  35/0          0      412K/93006 us
[ ID] Interval        Transfer    Bandwidth       Write/Err  Rtry    Cwnd/RTT
[  3] 25.00-26.00 sec  4.38 MBytes  36.7 Mbits/sec  35/0          0      429K/95895 us
[ ID] Interval        Transfer    Bandwidth       Write/Err  Rtry    Cwnd/RTT
[  3] 26.00-27.00 sec  4.38 MBytes  36.7 Mbits/sec  35/0          0      436K/97125 us
[ ID] Interval        Transfer    Bandwidth       Write/Err  Rtry    Cwnd/RTT
[  3] 27.00-28.00 sec  4.38 MBytes  36.7 Mbits/sec  35/0          0      438K/98311 us
[ ID] Interval        Transfer    Bandwidth       Write/Err  Rtry    Cwnd/RTT
[  3] 28.00-29.00 sec  4.25 MBytes  35.7 Mbits/sec  34/0          0      438K/98987 us
[ ID] Interval        Transfer    Bandwidth       Write/Err  Rtry    Cwnd/RTT
[  3] 29.00-30.00 sec  4.38 MBytes  36.7 Mbits/sec  35/0          0      439K/99770 us
[ ID] Interval        Transfer    Bandwidth       Write/Err  Rtry    Cwnd/RTT
[  3] 0.00-30.08 sec   114 MBytes  31.8 Mbits/sec  913/0        161      439K/99770 us
