------------------------------------------------------------
Client connecting to 10.0.0.5, TCP port 5002 with pid 35170
Write buffer size:  128 KByte
TCP window size:  128 KByte (default)
------------------------------------------------------------
[  3] local 10.0.0.4 port 41568 connected with 10.0.0.5 port 5002
[ ID] Interval        Transfer    Bandwidth       Write/Err  Rtry    Cwnd/RTT
[  3] 0.00-1.00 sec  8.64 MBytes  72.5 Mbits/sec  70/0          0      900K/198584 us
[ ID] Interval        Transfer    Bandwidth       Write/Err  Rtry    Cwnd/RTT
[  3] 1.00-2.00 sec  4.54 MBytes  38.1 Mbits/sec  37/0         83      595K/117069 us
[ ID] Interval        Transfer    Bandwidth       Write/Err  Rtry    Cwnd/RTT
[  3] 2.00-3.00 sec  4.16 MBytes  34.9 Mbits/sec  34/0        133      616K/120476 us
[ ID] Interval        Transfer    Bandwidth       Write/Err  Rtry    Cwnd/RTT
[  3] 3.00-4.00 sec  4.04 MBytes  33.9 Mbits/sec  33/0         89      622K/120600 us
[ ID] Interval        Transfer    Bandwidth       Write/Err  Rtry    Cwnd/RTT
[  3] 4.00-5.00 sec  4.54 MBytes  38.1 Mbits/sec  37/0        142      625K/109344 us
[ ID] Interval        Transfer    Bandwidth       Write/Err  Rtry    Cwnd/RTT
[  3] 5.00-6.00 sec  4.10 MBytes  34.4 Mbits/sec  34/0        100      599K/133569 us
[ ID] Interval        Transfer    Bandwidth       Write/Err  Rtry    Cwnd/RTT
[  3] 6.00-7.00 sec  4.23 MBytes  35.4 Mbits/sec  34/0         72      610K/118506 us
[ ID] Interval        Transfer    Bandwidth       Write/Err  Rtry    Cwnd/RTT
[  3] 7.00-8.00 sec  4.16 MBytes  34.9 Mbits/sec  34/0         78      599K/131060 us
[ ID] Interval        Transfer    Bandwidth       Write/Err  Rtry    Cwnd/RTT
[  3] 8.00-9.00 sec  3.98 MBytes  33.4 Mbits/sec  33/0        153      613K/122640 us
[ ID] Interval        Transfer    Bandwidth       Write/Err  Rtry    Cwnd/RTT
[  3] 9.00-10.00 sec  4.23 MBytes  35.4 Mbits/sec  35/0        111        5K/136749 us
[ ID] Interval        Transfer    Bandwidth       Write/Err  Rtry    Cwnd/RTT
[  3] 10.00-11.00 sec  2.80 MBytes  23.5 Mbits/sec  23/0        128      438K/116046 us
[ ID] Interval        Transfer    Bandwidth       Write/Err  Rtry    Cwnd/RTT
[  3] 11.00-12.00 sec  3.42 MBytes  28.7 Mbits/sec  28/0        110      554K/109577 us
[ ID] Interval        Transfer    Bandwidth       Write/Err  Rtry    Cwnd/RTT
[  3] 12.00-13.00 sec  4.35 MBytes  36.5 Mbits/sec  36/0         98      619K/131724 us
[ ID] Interval        Transfer    Bandwidth       Write/Err  Rtry    Cwnd/RTT
[  3] 13.00-14.00 sec  3.91 MBytes  32.8 Mbits/sec  32/0        121      605K/117488 us
[ ID] Interval        Transfer    Bandwidth       Write/Err  Rtry    Cwnd/RTT
[  3] 14.00-15.00 sec  3.73 MBytes  31.3 Mbits/sec  30/0        171      538K/140009 us
[ ID] Interval        Transfer    Bandwidth       Write/Err  Rtry    Cwnd/RTT
[  3] 15.00-16.00 sec  4.35 MBytes  36.5 Mbits/sec  36/0        115      576K/129330 us
[ ID] Interval        Transfer    Bandwidth       Write/Err  Rtry    Cwnd/RTT
[  3] 16.00-17.00 sec  4.54 MBytes  38.1 Mbits/sec  37/0         68      582K/140481 us
[ ID] Interval        Transfer    Bandwidth       Write/Err  Rtry    Cwnd/RTT
[  3] 17.00-18.00 sec  3.67 MBytes  30.8 Mbits/sec  30/0        159      501K/120814 us
[ ID] Interval        Transfer    Bandwidth       Write/Err  Rtry    Cwnd/RTT
[  3] 18.00-19.00 sec  3.98 MBytes  33.4 Mbits/sec  32/0        133      517K/124385 us
[ ID] Interval        Transfer    Bandwidth       Write/Err  Rtry    Cwnd/RTT
[  3] 19.00-20.00 sec  2.11 MBytes  17.7 Mbits/sec  17/0         49      567K/119225 us
[ ID] Interval        Transfer    Bandwidth       Write/Err  Rtry    Cwnd/RTT
[  3] 20.00-21.00 sec  4.16 MBytes  34.9 Mbits/sec  34/0         61      574K/60852 us
[ ID] Interval        Transfer    Bandwidth       Write/Err  Rtry    Cwnd/RTT
[  3] 21.00-22.00 sec  2.67 MBytes  22.4 Mbits/sec  22/0        192      571K/105275 us
[ ID] Interval        Transfer    Bandwidth       Write/Err  Rtry    Cwnd/RTT
[  3] 22.00-23.00 sec  3.79 MBytes  31.8 Mbits/sec  31/0         51      576K/136018 us
[ ID] Interval        Transfer    Bandwidth       Write/Err  Rtry    Cwnd/RTT
[  3] 23.00-24.00 sec  3.98 MBytes  33.4 Mbits/sec  33/0         91      588K/137366 us
[ ID] Interval        Transfer    Bandwidth       Write/Err  Rtry    Cwnd/RTT
[  3] 24.00-25.00 sec  4.66 MBytes  39.1 Mbits/sec  38/0        109      517K/134708 us
[ ID] Interval        Transfer    Bandwidth       Write/Err  Rtry    Cwnd/RTT
[  3] 25.00-26.00 sec  3.73 MBytes  31.3 Mbits/sec  30/0         92      568K/107436 us
[ ID] Interval        Transfer    Bandwidth       Write/Err  Rtry    Cwnd/RTT
[  3] 26.00-27.00 sec  4.23 MBytes  35.4 Mbits/sec  34/0         53      468K/109971 us
[ ID] Interval        Transfer    Bandwidth       Write/Err  Rtry    Cwnd/RTT
[  3] 27.00-28.00 sec  4.04 MBytes  33.9 Mbits/sec  33/0         77      513K/107565 us
[ ID] Interval        Transfer    Bandwidth       Write/Err  Rtry    Cwnd/RTT
[  3] 28.00-29.00 sec  3.98 MBytes  33.4 Mbits/sec  33/0         69      435K/123436 us
[ ID] Interval        Transfer    Bandwidth       Write/Err  Rtry    Cwnd/RTT
[  3] 29.00-30.00 sec  3.79 MBytes  31.8 Mbits/sec  31/0        115      545K/110797 us
[ ID] Interval        Transfer    Bandwidth       Write/Err  Rtry    Cwnd/RTT
[  3] 0.00-30.24 sec   122 MBytes  34.0 Mbits/sec  1001/0       3023      545K/110797 us
