------------------------------------------------------------
Client connecting to 10.0.0.6, TCP port 5000 with pid 35168
Write buffer size:  128 KByte
TCP window size: 85.3 KByte (default)
------------------------------------------------------------
[  3] local 10.0.0.1 port 44412 connected with 10.0.0.6 port 5000
[ ID] Interval        Transfer    Bandwidth       Write/Err  Rtry    Cwnd/RTT
[  3] 0.00-1.00 sec  2.96 MBytes  24.8 Mbits/sec  24/0         15      364K/233740 us
[ ID] Interval        Transfer    Bandwidth       Write/Err  Rtry    Cwnd/RTT
[  3] 1.00-2.00 sec  1.30 MBytes  10.9 Mbits/sec  11/0         31      364K/160689 us
[ ID] Interval        Transfer    Bandwidth       Write/Err  Rtry    Cwnd/RTT
[  3] 2.00-3.00 sec  1.56 MBytes  13.1 Mbits/sec  13/0         65      264K/149986 us
[ ID] Interval        Transfer    Bandwidth       Write/Err  Rtry    Cwnd/RTT
[  3] 3.00-4.00 sec  2.24 MBytes  18.8 Mbits/sec  18/0         52      264K/171047 us
[ ID] Interval        Transfer    Bandwidth       Write/Err  Rtry    Cwnd/RTT
[  3] 4.00-5.00 sec  1.49 MBytes  12.5 Mbits/sec  12/0         92      364K/169620 us
[ ID] Interval        Transfer    Bandwidth       Write/Err  Rtry    Cwnd/RTT
[  3] 5.00-6.00 sec  1.50 MBytes  12.6 Mbits/sec  12/0         63      364K/190195 us
[ ID] Interval        Transfer    Bandwidth       Write/Err  Rtry    Cwnd/RTT
[  3] 6.00-7.00 sec  1.50 MBytes  12.6 Mbits/sec  12/0         69      231K/156088 us
[ ID] Interval        Transfer    Bandwidth       Write/Err  Rtry    Cwnd/RTT
[  3] 7.00-8.00 sec  1.50 MBytes  12.6 Mbits/sec  12/0         28      298K/160882 us
[ ID] Interval        Transfer    Bandwidth       Write/Err  Rtry    Cwnd/RTT
[  3] 8.00-9.00 sec  2.14 MBytes  18.0 Mbits/sec  18/0        132      364K/166884 us
[ ID] Interval        Transfer    Bandwidth       Write/Err  Rtry    Cwnd/RTT
[  3] 9.00-10.00 sec  1.43 MBytes  12.0 Mbits/sec  12/0         71      364K/175439 us
[ ID] Interval        Transfer    Bandwidth       Write/Err  Rtry    Cwnd/RTT
[  3] 10.00-11.00 sec  2.05 MBytes  17.2 Mbits/sec  17/0         34      330K/146466 us
[ ID] Interval        Transfer    Bandwidth       Write/Err  Rtry    Cwnd/RTT
[  3] 11.00-12.00 sec  2.38 MBytes  19.9 Mbits/sec  19/0         37      364K/151805 us
[ ID] Interval        Transfer    Bandwidth       Write/Err  Rtry    Cwnd/RTT
[  3] 12.00-13.00 sec  1.48 MBytes  12.4 Mbits/sec  12/0         76      364K/156485 us
[ ID] Interval        Transfer    Bandwidth       Write/Err  Rtry    Cwnd/RTT
[  3] 13.00-14.00 sec  1.62 MBytes  13.6 Mbits/sec  13/0         72      231K/170513 us
[ ID] Interval        Transfer    Bandwidth       Write/Err  Rtry    Cwnd/RTT
[  3] 14.00-15.00 sec  1.42 MBytes  11.9 Mbits/sec  12/0         98      231K/152842 us
[ ID] Interval        Transfer    Bandwidth       Write/Err  Rtry    Cwnd/RTT
[  3] 15.00-16.00 sec  2.05 MBytes  17.2 Mbits/sec  17/0         99      264K/159997 us
[ ID] Interval        Transfer    Bandwidth       Write/Err  Rtry    Cwnd/RTT
[  3] 16.00-17.00 sec  2.12 MBytes  17.8 Mbits/sec  17/0         30      364K/161745 us
[ ID] Interval        Transfer    Bandwidth       Write/Err  Rtry    Cwnd/RTT
[  3] 17.00-18.00 sec  1.50 MBytes  12.6 Mbits/sec  12/0         50      298K/160535 us
[ ID] Interval        Transfer    Bandwidth       Write/Err  Rtry    Cwnd/RTT
[  3] 18.00-19.00 sec  1.35 MBytes  11.3 Mbits/sec  11/0        135      330K/166605 us
[ ID] Interval        Transfer    Bandwidth       Write/Err  Rtry    Cwnd/RTT
[  3] 19.00-20.00 sec  1.93 MBytes  16.2 Mbits/sec  16/0        102      231K/170050 us
[ ID] Interval        Transfer    Bandwidth       Write/Err  Rtry    Cwnd/RTT
[  3] 20.00-21.00 sec  2.30 MBytes  19.3 Mbits/sec  19/0         72      330K/140221 us
[ ID] Interval        Transfer    Bandwidth       Write/Err  Rtry    Cwnd/RTT
[  3] 21.00-22.00 sec  1.62 MBytes  13.6 Mbits/sec  13/0        150      330K/145159 us
[ ID] Interval        Transfer    Bandwidth       Write/Err  Rtry    Cwnd/RTT
[  3] 22.00-23.00 sec  1.66 MBytes  13.9 Mbits/sec  14/0         30      231K/169873 us
[ ID] Interval        Transfer    Bandwidth       Write/Err  Rtry    Cwnd/RTT
[  3] 23.00-24.00 sec  1.87 MBytes  15.7 Mbits/sec  15/0         69      298K/143588 us
[ ID] Interval        Transfer    Bandwidth       Write/Err  Rtry    Cwnd/RTT
[  3] 24.00-25.00 sec  1.50 MBytes  12.6 Mbits/sec  12/0         20      330K/176803 us
[ ID] Interval        Transfer    Bandwidth       Write/Err  Rtry    Cwnd/RTT
[  3] 25.00-26.00 sec  2.16 MBytes  18.1 Mbits/sec  18/0         88      298K/153323 us
[ ID] Interval        Transfer    Bandwidth       Write/Err  Rtry    Cwnd/RTT
[  3] 26.00-27.00 sec  1.50 MBytes  12.6 Mbits/sec  12/0         11      330K/159021 us
[ ID] Interval        Transfer    Bandwidth       Write/Err  Rtry    Cwnd/RTT
[  3] 27.00-28.00 sec  2.25 MBytes  18.9 Mbits/sec  18/0         38      231K/160542 us
[ ID] Interval        Transfer    Bandwidth       Write/Err  Rtry    Cwnd/RTT
[  3] 28.00-29.00 sec  1.50 MBytes  12.6 Mbits/sec  12/0         32      364K/130844 us
[ ID] Interval        Transfer    Bandwidth       Write/Err  Rtry    Cwnd/RTT
[  3] 29.00-30.00 sec  2.50 MBytes  21.0 Mbits/sec  20/0        123      330K/143683 us
[ ID] Interval        Transfer    Bandwidth       Write/Err  Rtry    Cwnd/RTT
[  3] 0.00-30.32 sec  54.4 MBytes  15.0 Mbits/sec  443/0       1984      330K/143683 us
