------------------------------------------------------------
Client connecting to 10.0.0.5, TCP port 5002 with pid 33469
Write buffer size:  128 KByte
TCP window size: 85.3 KByte (default)
------------------------------------------------------------
[  3] local 10.0.0.4 port 41562 connected with 10.0.0.5 port 5002
[ ID] Interval        Transfer    Bandwidth       Write/Err  Rtry    Cwnd/RTT
[  3] 0.00-1.00 sec  4.88 MBytes  40.9 Mbits/sec  39/0          0      264K/96888 us
[ ID] Interval        Transfer    Bandwidth       Write/Err  Rtry    Cwnd/RTT
[  3] 1.00-2.00 sec  3.00 MBytes  25.2 Mbits/sec  24/0          0      264K/75089 us
[ ID] Interval        Transfer    Bandwidth       Write/Err  Rtry    Cwnd/RTT
[  3] 2.00-3.00 sec  3.00 MBytes  25.2 Mbits/sec  24/0          0      298K/88773 us
[ ID] Interval        Transfer    Bandwidth       Write/Err  Rtry    Cwnd/RTT
[  3] 3.00-4.00 sec  3.00 MBytes  25.2 Mbits/sec  24/0          0      364K/83084 us
[ ID] Interval        Transfer    Bandwidth       Write/Err  Rtry    Cwnd/RTT
[  3] 4.00-5.00 sec  3.62 MBytes  30.4 Mbits/sec  29/0          0      264K/84191 us
[ ID] Interval        Transfer    Bandwidth       Write/Err  Rtry    Cwnd/RTT
[  3] 5.00-6.00 sec  3.00 MBytes  25.2 Mbits/sec  24/0          0      298K/99826 us
[ ID] Interval        Transfer    Bandwidth       Write/Err  Rtry    Cwnd/RTT
[  3] 6.00-7.00 sec  3.00 MBytes  25.2 Mbits/sec  24/0          0      298K/76096 us
[ ID] Interval        Transfer    Bandwidth       Write/Err  Rtry    Cwnd/RTT
[  3] 7.00-8.00 sec  3.00 MBytes  25.2 Mbits/sec  24/0          0      264K/92126 us
[ ID] Interval        Transfer    Bandwidth       Write/Err  Rtry    Cwnd/RTT
[  3] 8.00-9.00 sec  3.75 MBytes  31.5 Mbits/sec  30/0          0      364K/90197 us
[ ID] Interval        Transfer    Bandwidth       Write/Err  Rtry    Cwnd/RTT
[  3] 9.00-10.00 sec  3.00 MBytes  25.2 Mbits/sec  24/0          0      330K/86716 us
[ ID] Interval        Transfer    Bandwidth       Write/Err  Rtry    Cwnd/RTT
[  3] 10.00-11.00 sec  3.75 MBytes  31.5 Mbits/sec  30/0          0      298K/88789 us
[ ID] Interval        Transfer    Bandwidth       Write/Err  Rtry    Cwnd/RTT
[  3] 11.00-12.00 sec  2.88 MBytes  24.1 Mbits/sec  23/0          0      364K/81703 us
[ ID] Interval        Transfer    Bandwidth       Write/Err  Rtry    Cwnd/RTT
[  3] 12.00-13.00 sec  3.00 MBytes  25.2 Mbits/sec  24/0          0      264K/83658 us
[ ID] Interval        Transfer    Bandwidth       Write/Err  Rtry    Cwnd/RTT
[  3] 13.00-14.00 sec  3.00 MBytes  25.2 Mbits/sec  24/0          0      264K/75258 us
[ ID] Interval        Transfer    Bandwidth       Write/Err  Rtry    Cwnd/RTT
[  3] 14.00-15.00 sec  3.75 MBytes  31.5 Mbits/sec  30/0          0      364K/80317 us
[ ID] Interval        Transfer    Bandwidth       Write/Err  Rtry    Cwnd/RTT
[  3] 15.00-16.00 sec  3.00 MBytes  25.2 Mbits/sec  24/0          0      264K/100777 us
[ ID] Interval        Transfer    Bandwidth       Write/Err  Rtry    Cwnd/RTT
[  3] 16.00-17.00 sec  3.00 MBytes  25.2 Mbits/sec  24/0          0      264K/86130 us
[ ID] Interval        Transfer    Bandwidth       Write/Err  Rtry    Cwnd/RTT
[  3] 17.00-18.00 sec  3.75 MBytes  31.5 Mbits/sec  30/0          0      330K/80477 us
[ ID] Interval        Transfer    Bandwidth       Write/Err  Rtry    Cwnd/RTT
[  3] 18.00-19.00 sec  2.88 MBytes  24.1 Mbits/sec  23/0          0      330K/91483 us
[ ID] Interval        Transfer    Bandwidth       Write/Err  Rtry    Cwnd/RTT
[  3] 19.00-20.00 sec  3.00 MBytes  25.2 Mbits/sec  24/0          0      231K/89283 us
[ ID] Interval        Transfer    Bandwidth       Write/Err  Rtry    Cwnd/RTT
[  3] 20.00-21.00 sec  3.75 MBytes  31.5 Mbits/sec  30/0          0      298K/92919 us
[ ID] Interval        Transfer    Bandwidth       Write/Err  Rtry    Cwnd/RTT
[  3] 21.00-22.00 sec  3.00 MBytes  25.2 Mbits/sec  24/0          0      364K/89873 us
[ ID] Interval        Transfer    Bandwidth       Write/Err  Rtry    Cwnd/RTT
[  3] 22.00-23.00 sec  3.00 MBytes  25.2 Mbits/sec  24/0          0      264K/88531 us
[ ID] Interval        Transfer    Bandwidth       Write/Err  Rtry    Cwnd/RTT
[  3] 23.00-24.00 sec  3.75 MBytes  31.5 Mbits/sec  30/0          0      364K/91688 us
[ ID] Interval        Transfer    Bandwidth       Write/Err  Rtry    Cwnd/RTT
[  3] 24.00-25.00 sec  3.00 MBytes  25.2 Mbits/sec  24/0          0      364K/90162 us
[ ID] Interval        Transfer    Bandwidth       Write/Err  Rtry    Cwnd/RTT
[  3] 25.00-26.00 sec  2.88 MBytes  24.1 Mbits/sec  23/0          0      364K/95694 us
[ ID] Interval        Transfer    Bandwidth       Write/Err  Rtry    Cwnd/RTT
[  3] 26.00-27.00 sec  3.75 MBytes  31.5 Mbits/sec  30/0          0      364K/95458 us
[ ID] Interval        Transfer    Bandwidth       Write/Err  Rtry    Cwnd/RTT
[  3] 27.00-28.00 sec  3.00 MBytes  25.2 Mbits/sec  24/0          0      364K/85930 us
[ ID] Interval        Transfer    Bandwidth       Write/Err  Rtry    Cwnd/RTT
[  3] 28.00-29.00 sec  3.75 MBytes  31.5 Mbits/sec  30/0          0      364K/93559 us
[ ID] Interval        Transfer    Bandwidth       Write/Err  Rtry    Cwnd/RTT
[  3] 29.00-30.00 sec  3.00 MBytes  25.2 Mbits/sec  24/0          0      330K/83967 us
[ ID] Interval        Transfer    Bandwidth       Write/Err  Rtry    Cwnd/RTT
[  3] 0.00-30.02 sec  98.1 MBytes  27.4 Mbits/sec  785/0          0      330K/83967 us
