------------------------------------------------------------
Client connecting to 10.0.0.6, TCP port 5000 with pid 34094
Write buffer size:  128 KByte
TCP window size: 85.3 KByte (default)
------------------------------------------------------------
[  3] local 10.0.0.1 port 44408 connected with 10.0.0.6 port 5000
[ ID] Interval        Transfer    Bandwidth       Write/Err  Rtry    Cwnd/RTT
[  3] 0.00-1.00 sec  4.62 MBytes  38.8 Mbits/sec  37/0        154      199K/80008 us
[ ID] Interval        Transfer    Bandwidth       Write/Err  Rtry    Cwnd/RTT
[  3] 1.00-2.00 sec  2.12 MBytes  17.8 Mbits/sec  17/0          0      200K/80221 us
[ ID] Interval        Transfer    Bandwidth       Write/Err  Rtry    Cwnd/RTT
[  3] 2.00-3.00 sec  3.12 MBytes  26.2 Mbits/sec  25/0          0      217K/90954 us
[ ID] Interval        Transfer    Bandwidth       Write/Err  Rtry    Cwnd/RTT
[  3] 3.00-4.00 sec  2.12 MBytes  17.8 Mbits/sec  17/0          0      220K/94670 us
[ ID] Interval        Transfer    Bandwidth       Write/Err  Rtry    Cwnd/RTT
[  3] 4.00-5.00 sec  2.12 MBytes  17.8 Mbits/sec  17/0          0      220K/95116 us
[ ID] Interval        Transfer    Bandwidth       Write/Err  Rtry    Cwnd/RTT
[  3] 5.00-6.00 sec  2.12 MBytes  17.8 Mbits/sec  17/0          0      222K/95488 us
[ ID] Interval        Transfer    Bandwidth       Write/Err  Rtry    Cwnd/RTT
[  3] 6.00-7.00 sec  2.12 MBytes  17.8 Mbits/sec  17/0          0      229K/97914 us
[ ID] Interval        Transfer    Bandwidth       Write/Err  Rtry    Cwnd/RTT
[  3] 7.00-8.00 sec  2.12 MBytes  17.8 Mbits/sec  17/0          0      236K/101455 us
[ ID] Interval        Transfer    Bandwidth       Write/Err  Rtry    Cwnd/RTT
[  3] 8.00-9.00 sec  3.12 MBytes  26.2 Mbits/sec  25/0          0      258K/108995 us
[ ID] Interval        Transfer    Bandwidth       Write/Err  Rtry    Cwnd/RTT
[  3] 9.00-10.00 sec  2.12 MBytes  17.8 Mbits/sec  17/0          0      289K/122158 us
[ ID] Interval        Transfer    Bandwidth       Write/Err  Rtry    Cwnd/RTT
[  3] 10.00-11.00 sec  2.12 MBytes  17.8 Mbits/sec  17/0          4      227K/102406 us
[ ID] Interval        Transfer    Bandwidth       Write/Err  Rtry    Cwnd/RTT
[  3] 11.00-12.00 sec  2.01 MBytes  16.9 Mbits/sec  17/0          0      268K/125179 us
[ ID] Interval        Transfer    Bandwidth       Write/Err  Rtry    Cwnd/RTT
[  3] 12.00-13.00 sec  1.93 MBytes  16.2 Mbits/sec  16/0          2      207K/103999 us
[ ID] Interval        Transfer    Bandwidth       Write/Err  Rtry    Cwnd/RTT
[  3] 13.00-14.00 sec  1.98 MBytes  16.6 Mbits/sec  17/0          0      226K/118349 us
[ ID] Interval        Transfer    Bandwidth       Write/Err  Rtry    Cwnd/RTT
[  3] 14.00-15.00 sec  1.93 MBytes  16.2 Mbits/sec  16/0          0      237K/126452 us
[ ID] Interval        Transfer    Bandwidth       Write/Err  Rtry    Cwnd/RTT
[  3] 15.00-16.00 sec  1.86 MBytes  15.6 Mbits/sec  16/0          0      238K/129621 us
[ ID] Interval        Transfer    Bandwidth       Write/Err  Rtry    Cwnd/RTT
[  3] 16.00-17.00 sec  1.80 MBytes  15.1 Mbits/sec  15/0          0      238K/131176 us
[ ID] Interval        Transfer    Bandwidth       Write/Err  Rtry    Cwnd/RTT
[  3] 17.00-18.00 sec  1.86 MBytes  15.6 Mbits/sec  16/0          0      238K/131083 us
[ ID] Interval        Transfer    Bandwidth       Write/Err  Rtry    Cwnd/RTT
[  3] 18.00-19.00 sec  1.80 MBytes  15.1 Mbits/sec  15/0          0      246K/133693 us
[ ID] Interval        Transfer    Bandwidth       Write/Err  Rtry    Cwnd/RTT
[  3] 19.00-20.00 sec  1.80 MBytes  15.1 Mbits/sec  15/0          0      258K/138866 us
[ ID] Interval        Transfer    Bandwidth       Write/Err  Rtry    Cwnd/RTT
[  3] 20.00-21.00 sec  1.86 MBytes  15.6 Mbits/sec  16/0          0      284K/149071 us
[ ID] Interval        Transfer    Bandwidth       Write/Err  Rtry    Cwnd/RTT
[  3] 21.00-22.00 sec  1.86 MBytes  15.6 Mbits/sec  16/0         12      197K/101809 us
[ ID] Interval        Transfer    Bandwidth       Write/Err  Rtry    Cwnd/RTT
[  3] 22.00-23.00 sec  1.86 MBytes  15.6 Mbits/sec  16/0          0      169K/109205 us
[ ID] Interval        Transfer    Bandwidth       Write/Err  Rtry    Cwnd/RTT
[  3] 23.00-24.00 sec   827 KBytes  6.78 Mbits/sec  7/0          0      176K/116032 us
[ ID] Interval        Transfer    Bandwidth       Write/Err  Rtry    Cwnd/RTT
[  3] 24.00-25.00 sec  1.49 MBytes  12.5 Mbits/sec  12/0          0      183K/127090 us
[ ID] Interval        Transfer    Bandwidth       Write/Err  Rtry    Cwnd/RTT
[  3] 25.00-26.00 sec  1.43 MBytes  12.0 Mbits/sec  12/0          0      183K/133526 us
[ ID] Interval        Transfer    Bandwidth       Write/Err  Rtry    Cwnd/RTT
[  3] 26.00-27.00 sec  1.37 MBytes  11.5 Mbits/sec  12/0          0      183K/135181 us
[ ID] Interval        Transfer    Bandwidth       Write/Err  Rtry    Cwnd/RTT
[  3] 27.00-28.00 sec  1.37 MBytes  11.5 Mbits/sec  12/0          0      186K/136079 us
[ ID] Interval        Transfer    Bandwidth       Write/Err  Rtry    Cwnd/RTT
[  3] 28.00-29.00 sec  1.37 MBytes  11.5 Mbits/sec  12/0          0      195K/139605 us
[ ID] Interval        Transfer    Bandwidth       Write/Err  Rtry    Cwnd/RTT
[  3] 29.00-30.00 sec  1.37 MBytes  11.5 Mbits/sec  12/0          0      212K/141551 us
[ ID] Interval        Transfer    Bandwidth       Write/Err  Rtry    Cwnd/RTT
[  3] 0.00-30.15 sec  59.7 MBytes  16.6 Mbits/sec  493/0        172      212K/141551 us
