------------------------------------------------------------
Client connecting to 10.0.0.3, TCP port 5001 with pid 36223
Write buffer size:  128 KByte
TCP window size:  128 KByte (default)
------------------------------------------------------------
[  3] local 10.0.0.2 port 53896 connected with 10.0.0.3 port 5001
[ ID] Interval        Transfer    Bandwidth       Write/Err  Rtry    Cwnd/RTT
[  3] 0.00-1.00 sec  7.75 MBytes  65.0 Mbits/sec  62/0        245      814K/173532 us
[ ID] Interval        Transfer    Bandwidth       Write/Err  Rtry    Cwnd/RTT
[  3] 1.00-2.00 sec  4.73 MBytes  39.7 Mbits/sec  38/0         73      656K/104741 us
[ ID] Interval        Transfer    Bandwidth       Write/Err  Rtry    Cwnd/RTT
[  3] 2.00-3.00 sec  4.96 MBytes  41.6 Mbits/sec  41/0          2      653K/96240 us
[ ID] Interval        Transfer    Bandwidth       Write/Err  Rtry    Cwnd/RTT
[  3] 3.00-4.00 sec  4.85 MBytes  40.7 Mbits/sec  39/0         15      670K/94731 us
[ ID] Interval        Transfer    Bandwidth       Write/Err  Rtry    Cwnd/RTT
[  3] 4.00-5.00 sec  5.03 MBytes  42.2 Mbits/sec  41/0          8      692K/95950 us
[ ID] Interval        Transfer    Bandwidth       Write/Err  Rtry    Cwnd/RTT
[  3] 5.00-6.00 sec  5.22 MBytes  43.8 Mbits/sec  42/0         17      678K/93483 us
[ ID] Interval        Transfer    Bandwidth       Write/Err  Rtry    Cwnd/RTT
[  3] 6.00-7.00 sec  5.22 MBytes  43.8 Mbits/sec  42/0          5      684K/104861 us
[ ID] Interval        Transfer    Bandwidth       Write/Err  Rtry    Cwnd/RTT
[  3] 7.00-8.00 sec  5.22 MBytes  43.8 Mbits/sec  42/0         12      695K/109248 us
[ ID] Interval        Transfer    Bandwidth       Write/Err  Rtry    Cwnd/RTT
[  3] 8.00-9.00 sec  5.25 MBytes  44.0 Mbits/sec  42/0         10      692K/109672 us
[ ID] Interval        Transfer    Bandwidth       Write/Err  Rtry    Cwnd/RTT
[  3] 9.00-10.00 sec  5.25 MBytes  44.0 Mbits/sec  42/0          2        5K/110650 us
[ ID] Interval        Transfer    Bandwidth       Write/Err  Rtry    Cwnd/RTT
[  3] 10.00-11.00 sec  3.54 MBytes  29.7 Mbits/sec  29/0          0      673K/87171 us
[ ID] Interval        Transfer    Bandwidth       Write/Err  Rtry    Cwnd/RTT
[  3] 11.00-12.00 sec  5.22 MBytes  43.8 Mbits/sec  42/0          0      673K/104493 us
[ ID] Interval        Transfer    Bandwidth       Write/Err  Rtry    Cwnd/RTT
[  3] 12.00-13.00 sec  5.22 MBytes  43.8 Mbits/sec  42/0         14      698K/108966 us
[ ID] Interval        Transfer    Bandwidth       Write/Err  Rtry    Cwnd/RTT
[  3] 13.00-14.00 sec  5.25 MBytes  44.0 Mbits/sec  42/0          4      687K/105250 us
[ ID] Interval        Transfer    Bandwidth       Write/Err  Rtry    Cwnd/RTT
[  3] 14.00-15.00 sec  5.20 MBytes  43.7 Mbits/sec  42/0          0      684K/103373 us
[ ID] Interval        Transfer    Bandwidth       Write/Err  Rtry    Cwnd/RTT
[  3] 15.00-16.00 sec  5.22 MBytes  43.8 Mbits/sec  42/0         20      701K/94696 us
[ ID] Interval        Transfer    Bandwidth       Write/Err  Rtry    Cwnd/RTT
[  3] 16.00-17.00 sec  5.14 MBytes  43.1 Mbits/sec  42/0         13      544K/100550 us
[ ID] Interval        Transfer    Bandwidth       Write/Err  Rtry    Cwnd/RTT
[  3] 17.00-18.00 sec  5.03 MBytes  42.2 Mbits/sec  41/0         12      543K/98723 us
[ ID] Interval        Transfer    Bandwidth       Write/Err  Rtry    Cwnd/RTT
[  3] 18.00-19.00 sec  5.25 MBytes  44.0 Mbits/sec  42/0          0      698K/99430 us
[ ID] Interval        Transfer    Bandwidth       Write/Err  Rtry    Cwnd/RTT
[  3] 19.00-20.00 sec  5.25 MBytes  44.0 Mbits/sec  42/0          9      550K/100054 us
[ ID] Interval        Transfer    Bandwidth       Write/Err  Rtry    Cwnd/RTT
[  3] 20.00-21.00 sec  5.10 MBytes  42.8 Mbits/sec  41/0          3      704K/67932 us
[ ID] Interval        Transfer    Bandwidth       Write/Err  Rtry    Cwnd/RTT
[  3] 21.00-22.00 sec  3.79 MBytes  31.8 Mbits/sec  31/0          0      698K/82948 us
[ ID] Interval        Transfer    Bandwidth       Write/Err  Rtry    Cwnd/RTT
[  3] 22.00-23.00 sec  5.22 MBytes  43.8 Mbits/sec  42/0          0      692K/98599 us
[ ID] Interval        Transfer    Bandwidth       Write/Err  Rtry    Cwnd/RTT
[  3] 23.00-24.00 sec  5.25 MBytes  44.0 Mbits/sec  42/0          8      695K/101736 us
[ ID] Interval        Transfer    Bandwidth       Write/Err  Rtry    Cwnd/RTT
[  3] 24.00-25.00 sec  5.25 MBytes  44.0 Mbits/sec  42/0         22      698K/98223 us
[ ID] Interval        Transfer    Bandwidth       Write/Err  Rtry    Cwnd/RTT
[  3] 25.00-26.00 sec  5.25 MBytes  44.0 Mbits/sec  42/0          8      695K/100580 us
[ ID] Interval        Transfer    Bandwidth       Write/Err  Rtry    Cwnd/RTT
[  3] 26.00-27.00 sec  5.25 MBytes  44.0 Mbits/sec  42/0         11      704K/100196 us
[ ID] Interval        Transfer    Bandwidth       Write/Err  Rtry    Cwnd/RTT
[  3] 27.00-28.00 sec  5.12 MBytes  43.0 Mbits/sec  41/0          7      701K/99191 us
[ ID] Interval        Transfer    Bandwidth       Write/Err  Rtry    Cwnd/RTT
[  3] 28.00-29.00 sec  5.25 MBytes  44.0 Mbits/sec  42/0          8      701K/101195 us
[ ID] Interval        Transfer    Bandwidth       Write/Err  Rtry    Cwnd/RTT
[  3] 29.00-30.00 sec  7.88 MBytes  66.1 Mbits/sec  63/0         18      704K/99550 us
[ ID] Interval        Transfer    Bandwidth       Write/Err  Rtry    Cwnd/RTT
[  3] 0.00-30.45 sec   157 MBytes  43.3 Mbits/sec  1265/0        546      704K/99550 us
