------------------------------------------------------------
Client connecting to 10.0.0.4, TCP port 5001 with pid 87121
Write buffer size:  128 KByte
TCP window size:  128 KByte (default)
------------------------------------------------------------
[  3] local 10.0.0.2 port 51618 connected with 10.0.0.4 port 5001 (ct=126.08 ms)
[ ID] Interval            Transfer    Bandwidth       Write/Err  Rtry     Cwnd/RTT        NetPwr
[  3] 0.0000-1.0000 sec  12.2 MBytes   103 Mbits/sec  98/0          0       28K/90423 us  142.06
[  3] 1.0000-2.0000 sec  6.50 MBytes  54.5 Mbits/sec  53/0        417      899K/72848 us  93.52
[  3] 2.0000-3.0000 sec  5.97 MBytes  50.0 Mbits/sec  49/0         48      476K/77564 us  80.65
[  3] 3.0000-4.0000 sec  6.52 MBytes  54.7 Mbits/sec  53/0         30      789K/73667 us  92.87
[  3] 4.0000-5.0000 sec  6.21 MBytes  52.1 Mbits/sec  50/0         21      789K/74201 us  87.82
[  3] 5.0000-6.0000 sec  6.15 MBytes  51.6 Mbits/sec  50/0         33      794K/75376 us  85.58
[  3] 6.0000-7.0000 sec  6.21 MBytes  52.1 Mbits/sec  50/0         18      803K/77378 us  84.21
[  3] 7.0000-8.0000 sec  6.15 MBytes  51.6 Mbits/sec  50/0         57      814K/78466 us  82.21
[  3] 8.0000-9.0000 sec  6.34 MBytes  53.2 Mbits/sec  52/0         36      814K/81822 us  81.23
[  3] 9.0000-10.0000 sec  6.15 MBytes  51.6 Mbits/sec  50/0         63      837K/92715 us  69.58
[  3] 10.0000-11.0000 sec  4.47 MBytes  37.5 Mbits/sec  36/0         70        5K/97088 us  48.32
[  3] 11.0000-12.0000 sec  5.90 MBytes  49.5 Mbits/sec  48/0         10      868K/84430 us  73.32
[  3] 12.0000-13.0000 sec  6.21 MBytes  52.1 Mbits/sec  50/0        173      882K/92815 us  70.20
[  3] 13.0000-14.0000 sec  3.29 MBytes  27.6 Mbits/sec  27/0        265      876K/91433 us  37.77
[  3] 14.0000-15.0000 sec  5.53 MBytes  46.4 Mbits/sec  45/0        132      873K/95545 us  60.70
[  3] 15.0000-16.0000 sec  6.28 MBytes  52.6 Mbits/sec  51/0        505      879K/99448 us  66.18
[  3] 16.0000-17.0000 sec  6.09 MBytes  51.1 Mbits/sec  50/0        413      851K/102427 us  62.34
[  3] 17.0000-18.0000 sec  6.15 MBytes  51.6 Mbits/sec  50/0        442      831K/91477 us  70.52
[  3] 18.0000-19.0000 sec  6.15 MBytes  51.6 Mbits/sec  50/0        235      820K/91962 us  70.15
[  3] 19.0000-20.0000 sec  4.86 MBytes  40.8 Mbits/sec  39/0        195      851K/97192 us  52.41
[  3] 20.0000-21.0000 sec  6.64 MBytes  55.7 Mbits/sec  54/0        314      800K/94055 us  74.01
[  3] 21.0000-22.0000 sec  4.35 MBytes  36.5 Mbits/sec  35/0        115      803K/65186 us  69.97
[  3] 22.0000-23.0000 sec  5.16 MBytes  43.3 Mbits/sec  42/0        235      865K/96152 us  56.25
[  3] 23.0000-24.0000 sec  6.34 MBytes  53.2 Mbits/sec  52/0        563      820K/96345 us  68.98
[  3] 24.0000-25.0000 sec  5.47 MBytes  45.9 Mbits/sec  45/0        429      774K/96071 us  59.69
[  3] 25.0000-26.0000 sec  5.03 MBytes  42.2 Mbits/sec  41/0        275      786K/99321 us  53.14
[  3] 26.0000-27.0000 sec  4.78 MBytes  40.1 Mbits/sec  39/0        312      789K/106718 us  47.01
[  3] 27.0000-28.0000 sec  5.22 MBytes  43.8 Mbits/sec  43/0        625      701K/93341 us  58.64
[  3] 28.0000-29.0000 sec  5.97 MBytes  50.0 Mbits/sec  48/0        290      681K/93852 us  66.65
[  3] 29.0000-30.0000 sec  4.78 MBytes  40.1 Mbits/sec  39/0        134      715K/84389 us  59.45
[  3] 30.0000-31.0000 sec  5.10 MBytes  42.7 Mbits/sec  42/0        103      721K/82162 us  65.03
[  3] 31.0000-32.0000 sec  3.79 MBytes  31.8 Mbits/sec  31/0        132      718K/72237 us  55.02
[  3] 32.0000-33.0000 sec  5.59 MBytes  46.9 Mbits/sec  45/0        254      769K/96213 us  60.95
[  3] 33.0000-34.0000 sec  5.59 MBytes  46.9 Mbits/sec  45/0        328      800K/102327 us  57.31
[  3] 34.0000-35.0000 sec  5.16 MBytes  43.3 Mbits/sec  42/0        477      780K/92811 us  58.27
[  3] 35.0000-36.0000 sec  5.41 MBytes  45.4 Mbits/sec  44/0        301      797K/97429 us  58.19
[  3] 36.0000-37.0000 sec  5.78 MBytes  48.5 Mbits/sec  47/0        377      797K/98354 us  61.61
[  3] 37.0000-38.0000 sec  2.55 MBytes  21.4 Mbits/sec  21/0        500      803K/91067 us  29.34
[  3] 38.0000-39.0000 sec  5.97 MBytes  50.0 Mbits/sec  48/0        189      772K/91605 us  68.29
[  3] 39.0000-40.0000 sec  5.28 MBytes  44.3 Mbits/sec  43/0        235      772K/93680 us  59.12
[  3] 40.0000-41.0000 sec  5.16 MBytes  43.3 Mbits/sec  42/0        212      769K/96161 us  56.24
[  3] 41.0000-42.0000 sec  5.16 MBytes  43.3 Mbits/sec  42/0        370      794K/95395 us  56.69
[  3] 42.0000-43.0000 sec  4.85 MBytes  40.7 Mbits/sec  40/0        152      503K/101390 us  50.13
[  3] 43.0000-44.0000 sec  5.10 MBytes  42.7 Mbits/sec  41/0        263      752K/85382 us  62.58
[  3] 44.0000-45.0000 sec  5.72 MBytes  48.0 Mbits/sec  46/0        187      743K/86293 us  69.47
[  3] 45.0000-46.0000 sec  5.34 MBytes  44.8 Mbits/sec  44/0        232      749K/83385 us  67.20
[  3] 46.0000-47.0000 sec  5.47 MBytes  45.9 Mbits/sec  45/0        144      526K/94617 us  60.60
[  3] 47.0000-48.0000 sec  4.91 MBytes  41.2 Mbits/sec  40/0        119      538K/97025 us  53.05
[  3] 48.0000-49.0000 sec  5.41 MBytes  45.4 Mbits/sec  44/0        251      786K/100609 us  56.35
[  3] 49.0000-50.0000 sec  5.84 MBytes  49.0 Mbits/sec  48/0        280      789K/92341 us  66.33
[  3] 0.0000-50.2926 sec   280 MBytes  46.8 Mbits/sec  2279/0      11561       -1K/90283 us  64.73
