------------------------------------------------------------
Client connecting to 10.0.0.4, TCP port 5001 with pid 87637
Write buffer size:  128 KByte
TCP window size: 85.3 KByte (default)
------------------------------------------------------------
[  3] local 10.0.0.2 port 51630 connected with 10.0.0.4 port 5001 (ct=125.98 ms)
[ ID] Interval            Transfer    Bandwidth       Write/Err  Rtry     Cwnd/RTT        NetPwr
[  3] 0.0000-1.0000 sec  6.62 MBytes  55.6 Mbits/sec  53/0          0       28K/94506 us  73.51
[  3] 1.0000-2.0000 sec  6.62 MBytes  55.6 Mbits/sec  53/0          0      606K/97919 us  70.94
[  3] 2.0000-3.0000 sec  5.25 MBytes  44.0 Mbits/sec  42/0         32      352K/60428 us  91.10
[  3] 3.0000-4.0000 sec  5.25 MBytes  44.0 Mbits/sec  42/0          0      376K/64054 us  85.94
[  3] 4.0000-5.0000 sec  6.50 MBytes  54.5 Mbits/sec  52/0          0      391K/66403 us  102.64
[  3] 5.0000-6.0000 sec  5.25 MBytes  44.0 Mbits/sec  42/0          0      398K/68170 us  80.75
[  3] 6.0000-7.0000 sec  5.25 MBytes  44.0 Mbits/sec  42/0          0      398K/68256 us  80.65
[  3] 7.0000-8.0000 sec  6.50 MBytes  54.5 Mbits/sec  52/0          0      398K/68303 us  99.79
[  3] 8.0000-9.0000 sec  5.12 MBytes  43.0 Mbits/sec  41/0          0      403K/68517 us  78.43
[  3] 9.0000-10.0000 sec  5.25 MBytes  44.0 Mbits/sec  42/0          0      411K/70353 us  78.25
[  3] 10.0000-11.0000 sec  6.50 MBytes  54.5 Mbits/sec  52/0          0      422K/72354 us  94.20
[  3] 11.0000-12.0000 sec  5.25 MBytes  44.0 Mbits/sec  42/0          0      452K/77240 us  71.27
[  3] 12.0000-13.0000 sec  6.50 MBytes  54.5 Mbits/sec  52/0          0      492K/83465 us  81.66
[  3] 13.0000-14.0000 sec  4.00 MBytes  33.6 Mbits/sec  32/0          0      562K/95089 us  44.11
[  3] 14.0000-15.0000 sec  5.12 MBytes  43.0 Mbits/sec  41/0          7      296K/62249 us  86.33
[  3] 15.0000-16.0000 sec  4.00 MBytes  33.6 Mbits/sec  32/0          0      322K/70010 us  59.91
[  3] 16.0000-17.0000 sec  5.25 MBytes  44.0 Mbits/sec  42/0          0      332K/73706 us  74.69
[  3] 17.0000-18.0000 sec  3.88 MBytes  32.5 Mbits/sec  31/0          0      336K/76323 us  53.24
[  3] 18.0000-19.0000 sec  3.88 MBytes  32.5 Mbits/sec  31/0          0      336K/76954 us  52.80
[  3] 19.0000-20.0000 sec  4.00 MBytes  33.6 Mbits/sec  32/0          0      336K/77061 us  54.43
[  3] 20.0000-21.0000 sec  5.12 MBytes  43.0 Mbits/sec  41/0          0      345K/77757 us  69.11
[  3] 21.0000-22.0000 sec  4.00 MBytes  33.6 Mbits/sec  32/0          0      356K/78472 us  53.45
[  3] 22.0000-23.0000 sec  5.12 MBytes  43.0 Mbits/sec  41/0          0      370K/80590 us  66.68
[  3] 23.0000-24.0000 sec  4.00 MBytes  33.6 Mbits/sec  32/0          0      410K/84234 us  49.79
[  3] 24.0000-25.0000 sec  5.12 MBytes  43.0 Mbits/sec  41/0          0      451K/89580 us  59.99
[  3] 25.0000-26.0000 sec  5.50 MBytes  46.1 Mbits/sec  44/0          0      524K/98017 us  58.84
[  3] 26.0000-27.0000 sec  4.00 MBytes  33.6 Mbits/sec  32/0         11      291K/67605 us  62.04
[  3] 27.0000-28.0000 sec  3.88 MBytes  32.5 Mbits/sec  31/0          0      312K/74238 us  54.73
[  3] 28.0000-29.0000 sec  3.88 MBytes  32.5 Mbits/sec  31/0          0      323K/79156 us  51.33
[  3] 29.0000-30.0000 sec  3.88 MBytes  32.5 Mbits/sec  31/0          0      328K/81829 us  49.66
[  3] 30.0000-31.0000 sec  4.00 MBytes  33.6 Mbits/sec  32/0          0      328K/83190 us  50.42
[  3] 31.0000-32.0000 sec  3.88 MBytes  32.5 Mbits/sec  31/0          0      328K/85049 us  47.78
[  3] 32.0000-33.0000 sec  3.88 MBytes  32.5 Mbits/sec  31/0          0      332K/84531 us  48.07
[  3] 33.0000-34.0000 sec  4.00 MBytes  33.6 Mbits/sec  32/0          0      343K/85120 us  49.28
[  3] 34.0000-35.0000 sec  3.88 MBytes  32.5 Mbits/sec  31/0          0      362K/86980 us  46.71
[  3] 35.0000-36.0000 sec  3.88 MBytes  32.5 Mbits/sec  31/0          0      393K/90233 us  45.03
[  3] 36.0000-37.0000 sec  4.00 MBytes  33.6 Mbits/sec  32/0          0      436K/94596 us  44.34
[  3] 37.0000-38.0000 sec  3.88 MBytes  32.5 Mbits/sec  31/0          3      354K/89990 us  45.15
[  3] 38.0000-39.0000 sec  3.88 MBytes  32.5 Mbits/sec  31/0          0      394K/96766 us  41.99
[  3] 39.0000-40.0000 sec  2.62 MBytes  22.0 Mbits/sec  21/0          8      210K/87866 us  31.33
[  3] 40.0000-41.0000 sec  2.62 MBytes  22.0 Mbits/sec  21/0          0      231K/73959 us  37.22
[  3] 41.0000-42.0000 sec  2.62 MBytes  22.0 Mbits/sec  21/0          0      246K/80128 us  34.35
[  3] 42.0000-43.0000 sec  3.88 MBytes  32.5 Mbits/sec  31/0          0      251K/84690 us  47.98
[  3] 43.0000-44.0000 sec  2.62 MBytes  22.0 Mbits/sec  21/0          0      253K/88884 us  30.97
[  3] 44.0000-45.0000 sec  2.62 MBytes  22.0 Mbits/sec  21/0          0      253K/90043 us  30.57
[  3] 45.0000-46.0000 sec  2.62 MBytes  22.0 Mbits/sec  21/0          0      261K/91542 us  30.07
[  3] 46.0000-47.0000 sec  2.62 MBytes  22.0 Mbits/sec  21/0          0      268K/92170 us  29.86
[  3] 47.0000-48.0000 sec  3.88 MBytes  32.5 Mbits/sec  31/0          0      277K/92811 us  43.78
[  3] 48.0000-49.0000 sec  3.88 MBytes  32.5 Mbits/sec  31/0          0      311K/77878 us  52.17
[  3] 49.0000-50.0000 sec  4.00 MBytes  33.6 Mbits/sec  32/0          0      356K/88199 us  47.56
[  3] 0.0000-50.2836 sec   220 MBytes  36.7 Mbits/sec  1758/0         61       -1K/80949 us  56.61
